<?xml version="1.0" encoding="UTF-8" standalone="no"?>
<!DOCTYPE log SYSTEM "logger.dtd">
<log>
<record>
  <date>2013-05-08T01:55:06</date>
  <millis>1368003306175</millis>
  <sequence>0</sequence>
  <logger>game1368003306172</logger>
  <level>INFO</level>
  <class>platypus.logging.PlatypusLogger</class>
  <method>getLogger</method>
  <thread>10</thread>
  <message>Added FileHandler to Logger</message>
</record>
<record>
  <date>2013-05-08T01:55:33</date>
  <millis>1368003333898</millis>
  <sequence>1</sequence>
  <logger>game1368003306172</logger>
  <level>INFO</level>
  <class>org.ggp.base.player.gamer.statemachine.PlatypusPlayer.PlatypusPlayer</class>
  <method>stateMachineSelectMove</method>
  <thread>11</thread>
  <message>--------Best Move after Minimiax--------</message>
</record>
<record>
  <date>2013-05-08T01:55:33</date>
  <millis>1368003333898</millis>
  <sequence>2</sequence>
  <logger>game1368003306172</logger>
  <level>INFO</level>
  <class>org.ggp.base.player.gamer.statemachine.PlatypusPlayer.PlatypusPlayer</class>
  <method>stateMachineSelectMove</method>
  <thread>11</thread>
  <message>Sure move is ( drop 3 )</message>
</record>
<record>
  <date>2013-05-08T01:55:33</date>
  <millis>1368003333898</millis>
  <sequence>3</sequence>
  <logger>game1368003306172</logger>
  <level>INFO</level>
  <class>org.ggp.base.player.gamer.statemachine.PlatypusPlayer.PlatypusPlayer</class>
  <method>stateMachineSelectMove</method>
  <thread>11</thread>
  <message>with the sure score of 0.0</message>
</record>
<record>
  <date>2013-05-08T01:55:33</date>
  <millis>1368003333898</millis>
  <sequence>4</sequence>
  <logger>game1368003306172</logger>
  <level>INFO</level>
  <class>org.ggp.base.player.gamer.statemachine.PlatypusPlayer.PlatypusPlayer</class>
  <method>stateMachineSelectMove</method>
  <thread>11</thread>
  <message>Starting Monte Carlo</message>
</record>
<record>
  <date>2013-05-08T01:55:33</date>
  <millis>1368003333899</millis>
  <sequence>5</sequence>
  <logger>game1368003306172</logger>
  <level>INFO</level>
  <class>org.ggp.base.player.gamer.statemachine.PlatypusPlayer.PlatypusPlayer</class>
  <method>stateMachineSelectMove</method>
  <thread>11</thread>
  <message>PAUSING PLATYPUS FOR 9481</message>
</record>
<record>
  <date>2013-05-08T01:55:43</date>
  <millis>1368003343389</millis>
  <sequence>6</sequence>
  <logger>game1368003306172</logger>
  <level>INFO</level>
  <class>players.BryceMonteCarloTreeSearch</class>
  <method>run</method>
  <thread>12</thread>
  <message>move: ( drop 3 ) value: 3.0 visited: 3</message>
</record>
<record>
  <date>2013-05-08T01:55:43</date>
  <millis>1368003343390</millis>
  <sequence>7</sequence>
  <logger>game1368003306172</logger>
  <level>INFO</level>
  <class>players.BryceMonteCarloTreeSearch</class>
  <method>run</method>
  <thread>12</thread>
  <message>move: ( drop 2 ) value: 13.0 visited: 13</message>
</record>
<record>
  <date>2013-05-08T01:55:43</date>
  <millis>1368003343392</millis>
  <sequence>8</sequence>
  <logger>game1368003306172</logger>
  <level>INFO</level>
  <class>players.BryceMonteCarloTreeSearch</class>
  <method>run</method>
  <thread>12</thread>
  <message>move: ( drop 4 ) value: 23.0 visited: 23</message>
</record>
<record>
  <date>2013-05-08T01:55:43</date>
  <millis>1368003343393</millis>
  <sequence>9</sequence>
  <logger>game1368003306172</logger>
  <level>INFO</level>
  <class>players.BryceMonteCarloTreeSearch</class>
  <method>run</method>
  <thread>12</thread>
  <message>move: ( drop 5 ) value: 42.0 visited: 42</message>
</record>
<record>
  <date>2013-05-08T01:55:43</date>
  <millis>1368003343394</millis>
  <sequence>10</sequence>
  <logger>game1368003306172</logger>
  <level>INFO</level>
  <class>players.BryceMonteCarloTreeSearch</class>
  <method>run</method>
  <thread>12</thread>
  <message>move: ( drop 8 ) value: 7.0 visited: 7</message>
</record>
<record>
  <date>2013-05-08T01:55:43</date>
  <millis>1368003343396</millis>
  <sequence>11</sequence>
  <logger>game1368003306172</logger>
  <level>INFO</level>
  <class>players.BryceMonteCarloTreeSearch</class>
  <method>run</method>
  <thread>12</thread>
  <message>move: ( drop 7 ) value: 20.0 visited: 20</message>
</record>
<record>
  <date>2013-05-08T01:55:43</date>
  <millis>1368003343397</millis>
  <sequence>12</sequence>
  <logger>game1368003306172</logger>
  <level>INFO</level>
  <class>players.BryceMonteCarloTreeSearch</class>
  <method>run</method>
  <thread>12</thread>
  <message>move: ( drop 6 ) value: 13.0 visited: 13</message>
</record>
<record>
  <date>2013-05-08T01:55:43</date>
  <millis>1368003343398</millis>
  <sequence>13</sequence>
  <logger>game1368003306172</logger>
  <level>INFO</level>
  <class>players.BryceMonteCarloTreeSearch</class>
  <method>run</method>
  <thread>12</thread>
  <message>move: ( drop 1 ) value: 13.0 visited: 13</message>
</record>
<record>
  <date>2013-05-08T01:55:44</date>
  <millis>1368003344380</millis>
  <sequence>14</sequence>
  <logger>game1368003306172</logger>
  <level>INFO</level>
  <class>org.ggp.base.player.gamer.statemachine.PlatypusPlayer.PlatypusPlayer</class>
  <method>stateMachineSelectMove</method>
  <thread>11</thread>
  <message>--------Best Move after Monte Carlo--------</message>
</record>
<record>
  <date>2013-05-08T01:55:44</date>
  <millis>1368003344381</millis>
  <sequence>15</sequence>
  <logger>game1368003306172</logger>
  <level>INFO</level>
  <class>org.ggp.base.player.gamer.statemachine.PlatypusPlayer.PlatypusPlayer</class>
  <method>stateMachineSelectMove</method>
  <thread>11</thread>
  <message>best move: ( drop 5 )</message>
</record>
<record>
  <date>2013-05-08T01:55:47</date>
  <millis>1368003347123</millis>
  <sequence>16</sequence>
  <logger>game1368003306172</logger>
  <level>INFO</level>
  <class>org.ggp.base.player.gamer.statemachine.PlatypusPlayer.PlatypusPlayer</class>
  <method>stateMachineSelectMove</method>
  <thread>11</thread>
  <message>--------Best Move after Minimiax--------</message>
</record>
<record>
  <date>2013-05-08T01:55:47</date>
  <millis>1368003347123</millis>
  <sequence>17</sequence>
  <logger>game1368003306172</logger>
  <level>INFO</level>
  <class>org.ggp.base.player.gamer.statemachine.PlatypusPlayer.PlatypusPlayer</class>
  <method>stateMachineSelectMove</method>
  <thread>11</thread>
  <message>Sure move is ( drop 3 )</message>
</record>
<record>
  <date>2013-05-08T01:55:47</date>
  <millis>1368003347123</millis>
  <sequence>18</sequence>
  <logger>game1368003306172</logger>
  <level>INFO</level>
  <class>org.ggp.base.player.gamer.statemachine.PlatypusPlayer.PlatypusPlayer</class>
  <method>stateMachineSelectMove</method>
  <thread>11</thread>
  <message>with the sure score of 0.0</message>
</record>
<record>
  <date>2013-05-08T01:55:47</date>
  <millis>1368003347123</millis>
  <sequence>19</sequence>
  <logger>game1368003306172</logger>
  <level>INFO</level>
  <class>org.ggp.base.player.gamer.statemachine.PlatypusPlayer.PlatypusPlayer</class>
  <method>stateMachineSelectMove</method>
  <thread>11</thread>
  <message>Starting Monte Carlo</message>
</record>
<record>
  <date>2013-05-08T01:55:47</date>
  <millis>1368003347124</millis>
  <sequence>20</sequence>
  <logger>game1368003306172</logger>
  <level>INFO</level>
  <class>org.ggp.base.player.gamer.statemachine.PlatypusPlayer.PlatypusPlayer</class>
  <method>stateMachineSelectMove</method>
  <thread>11</thread>
  <message>PAUSING PLATYPUS FOR 9495</message>
</record>
<record>
  <date>2013-05-08T01:55:56</date>
  <millis>1368003356641</millis>
  <sequence>21</sequence>
  <logger>game1368003306172</logger>
  <level>INFO</level>
  <class>players.BryceMonteCarloTreeSearch</class>
  <method>run</method>
  <thread>13</thread>
  <message>move: ( drop 3 ) value: 15.0 visited: 15</message>
</record>
<record>
  <date>2013-05-08T01:55:56</date>
  <millis>1368003356642</millis>
  <sequence>22</sequence>
  <logger>game1368003306172</logger>
  <level>INFO</level>
  <class>players.BryceMonteCarloTreeSearch</class>
  <method>run</method>
  <thread>13</thread>
  <message>move: ( drop 2 ) value: 11.0 visited: 11</message>
</record>
<record>
  <date>2013-05-08T01:55:56</date>
  <millis>1368003356644</millis>
  <sequence>23</sequence>
  <logger>game1368003306172</logger>
  <level>INFO</level>
  <class>players.BryceMonteCarloTreeSearch</class>
  <method>run</method>
  <thread>13</thread>
  <message>move: ( drop 4 ) value: 39.0 visited: 39</message>
</record>
<record>
  <date>2013-05-08T01:55:56</date>
  <millis>1368003356645</millis>
  <sequence>24</sequence>
  <logger>game1368003306172</logger>
  <level>INFO</level>
  <class>players.BryceMonteCarloTreeSearch</class>
  <method>run</method>
  <thread>13</thread>
  <message>move: ( drop 5 ) value: 20.0 visited: 20</message>
</record>
<record>
  <date>2013-05-08T01:55:56</date>
  <millis>1368003356646</millis>
  <sequence>25</sequence>
  <logger>game1368003306172</logger>
  <level>INFO</level>
  <class>players.BryceMonteCarloTreeSearch</class>
  <method>run</method>
  <thread>13</thread>
  <message>move: ( drop 8 ) value: 15.0 visited: 15</message>
</record>
<record>
  <date>2013-05-08T01:55:56</date>
  <millis>1368003356648</millis>
  <sequence>26</sequence>
  <logger>game1368003306172</logger>
  <level>INFO</level>
  <class>players.BryceMonteCarloTreeSearch</class>
  <method>run</method>
  <thread>13</thread>
  <message>move: ( drop 7 ) value: 11.0 visited: 11</message>
</record>
<record>
  <date>2013-05-08T01:55:56</date>
  <millis>1368003356649</millis>
  <sequence>27</sequence>
  <logger>game1368003306172</logger>
  <level>INFO</level>
  <class>players.BryceMonteCarloTreeSearch</class>
  <method>run</method>
  <thread>13</thread>
  <message>move: ( drop 6 ) value: 12.0 visited: 12</message>
</record>
<record>
  <date>2013-05-08T01:55:56</date>
  <millis>1368003356650</millis>
  <sequence>28</sequence>
  <logger>game1368003306172</logger>
  <level>INFO</level>
  <class>players.BryceMonteCarloTreeSearch</class>
  <method>run</method>
  <thread>13</thread>
  <message>move: ( drop 1 ) value: 18.0 visited: 18</message>
</record>
<record>
  <date>2013-05-08T01:55:57</date>
  <millis>1368003357619</millis>
  <sequence>29</sequence>
  <logger>game1368003306172</logger>
  <level>INFO</level>
  <class>org.ggp.base.player.gamer.statemachine.PlatypusPlayer.PlatypusPlayer</class>
  <method>stateMachineSelectMove</method>
  <thread>11</thread>
  <message>--------Best Move after Monte Carlo--------</message>
</record>
<record>
  <date>2013-05-08T01:55:57</date>
  <millis>1368003357620</millis>
  <sequence>30</sequence>
  <logger>game1368003306172</logger>
  <level>INFO</level>
  <class>org.ggp.base.player.gamer.statemachine.PlatypusPlayer.PlatypusPlayer</class>
  <method>stateMachineSelectMove</method>
  <thread>11</thread>
  <message>best move: ( drop 4 )</message>
</record>
<record>
  <date>2013-05-08T01:56:00</date>
  <millis>1368003360204</millis>
  <sequence>31</sequence>
  <logger>game1368003306172</logger>
  <level>INFO</level>
  <class>org.ggp.base.player.gamer.statemachine.PlatypusPlayer.PlatypusPlayer</class>
  <method>stateMachineSelectMove</method>
  <thread>11</thread>
  <message>--------Best Move after Minimiax--------</message>
</record>
<record>
  <date>2013-05-08T01:56:00</date>
  <millis>1368003360205</millis>
  <sequence>32</sequence>
  <logger>game1368003306172</logger>
  <level>INFO</level>
  <class>org.ggp.base.player.gamer.statemachine.PlatypusPlayer.PlatypusPlayer</class>
  <method>stateMachineSelectMove</method>
  <thread>11</thread>
  <message>Sure move is ( drop 3 )</message>
</record>
<record>
  <date>2013-05-08T01:56:00</date>
  <millis>1368003360205</millis>
  <sequence>33</sequence>
  <logger>game1368003306172</logger>
  <level>INFO</level>
  <class>org.ggp.base.player.gamer.statemachine.PlatypusPlayer.PlatypusPlayer</class>
  <method>stateMachineSelectMove</method>
  <thread>11</thread>
  <message>with the sure score of 0.0</message>
</record>
<record>
  <date>2013-05-08T01:56:00</date>
  <millis>1368003360205</millis>
  <sequence>34</sequence>
  <logger>game1368003306172</logger>
  <level>INFO</level>
  <class>org.ggp.base.player.gamer.statemachine.PlatypusPlayer.PlatypusPlayer</class>
  <method>stateMachineSelectMove</method>
  <thread>11</thread>
  <message>Starting Monte Carlo</message>
</record>
<record>
  <date>2013-05-08T01:56:00</date>
  <millis>1368003360205</millis>
  <sequence>35</sequence>
  <logger>game1368003306172</logger>
  <level>INFO</level>
  <class>org.ggp.base.player.gamer.statemachine.PlatypusPlayer.PlatypusPlayer</class>
  <method>stateMachineSelectMove</method>
  <thread>11</thread>
  <message>PAUSING PLATYPUS FOR 9496</message>
</record>
<record>
  <date>2013-05-08T01:56:09</date>
  <millis>1368003369727</millis>
  <sequence>36</sequence>
  <logger>game1368003306172</logger>
  <level>INFO</level>
  <class>players.BryceMonteCarloTreeSearch</class>
  <method>run</method>
  <thread>14</thread>
  <message>move: ( drop 3 ) value: 11.0 visited: 11</message>
</record>
<record>
  <date>2013-05-08T01:56:09</date>
  <millis>1368003369729</millis>
  <sequence>37</sequence>
  <logger>game1368003306172</logger>
  <level>INFO</level>
  <class>players.BryceMonteCarloTreeSearch</class>
  <method>run</method>
  <thread>14</thread>
  <message>move: ( drop 2 ) value: 16.0 visited: 16</message>
</record>
<record>
  <date>2013-05-08T01:56:09</date>
  <millis>1368003369730</millis>
  <sequence>38</sequence>
  <logger>game1368003306172</logger>
  <level>INFO</level>
  <class>players.BryceMonteCarloTreeSearch</class>
  <method>run</method>
  <thread>14</thread>
  <message>move: ( drop 4 ) value: 15.0 visited: 15</message>
</record>
<record>
  <date>2013-05-08T01:56:09</date>
  <millis>1368003369732</millis>
  <sequence>39</sequence>
  <logger>game1368003306172</logger>
  <level>INFO</level>
  <class>players.BryceMonteCarloTreeSearch</class>
  <method>run</method>
  <thread>14</thread>
  <message>move: ( drop 5 ) value: 20.0 visited: 20</message>
</record>
<record>
  <date>2013-05-08T01:56:09</date>
  <millis>1368003369733</millis>
  <sequence>40</sequence>
  <logger>game1368003306172</logger>
  <level>INFO</level>
  <class>players.BryceMonteCarloTreeSearch</class>
  <method>run</method>
  <thread>14</thread>
  <message>move: ( drop 8 ) value: 15.0 visited: 15</message>
</record>
<record>
  <date>2013-05-08T01:56:09</date>
  <millis>1368003369734</millis>
  <sequence>41</sequence>
  <logger>game1368003306172</logger>
  <level>INFO</level>
  <class>players.BryceMonteCarloTreeSearch</class>
  <method>run</method>
  <thread>14</thread>
  <message>move: ( drop 7 ) value: 15.0 visited: 15</message>
</record>
<record>
  <date>2013-05-08T01:56:09</date>
  <millis>1368003369736</millis>
  <sequence>42</sequence>
  <logger>game1368003306172</logger>
  <level>INFO</level>
  <class>players.BryceMonteCarloTreeSearch</class>
  <method>run</method>
  <thread>14</thread>
  <message>move: ( drop 6 ) value: 49.0 visited: 49</message>
</record>
<record>
  <date>2013-05-08T01:56:09</date>
  <millis>1368003369737</millis>
  <sequence>43</sequence>
  <logger>game1368003306172</logger>
  <level>INFO</level>
  <class>players.BryceMonteCarloTreeSearch</class>
  <method>run</method>
  <thread>14</thread>
  <message>move: ( drop 1 ) value: 10.0 visited: 10</message>
</record>
<record>
  <date>2013-05-08T01:56:10</date>
  <millis>1368003370701</millis>
  <sequence>44</sequence>
  <logger>game1368003306172</logger>
  <level>INFO</level>
  <class>org.ggp.base.player.gamer.statemachine.PlatypusPlayer.PlatypusPlayer</class>
  <method>stateMachineSelectMove</method>
  <thread>11</thread>
  <message>--------Best Move after Monte Carlo--------</message>
</record>
<record>
  <date>2013-05-08T01:56:10</date>
  <millis>1368003370702</millis>
  <sequence>45</sequence>
  <logger>game1368003306172</logger>
  <level>INFO</level>
  <class>org.ggp.base.player.gamer.statemachine.PlatypusPlayer.PlatypusPlayer</class>
  <method>stateMachineSelectMove</method>
  <thread>11</thread>
  <message>best move: ( drop 6 )</message>
</record>
<record>
  <date>2013-05-08T01:56:13</date>
  <millis>1368003373300</millis>
  <sequence>46</sequence>
  <logger>game1368003306172</logger>
  <level>INFO</level>
  <class>org.ggp.base.player.gamer.statemachine.PlatypusPlayer.PlatypusPlayer</class>
  <method>stateMachineSelectMove</method>
  <thread>11</thread>
  <message>--------Best Move after Minimiax--------</message>
</record>
<record>
  <date>2013-05-08T01:56:13</date>
  <millis>1368003373301</millis>
  <sequence>47</sequence>
  <logger>game1368003306172</logger>
  <level>INFO</level>
  <class>org.ggp.base.player.gamer.statemachine.PlatypusPlayer.PlatypusPlayer</class>
  <method>stateMachineSelectMove</method>
  <thread>11</thread>
  <message>Sure move is ( drop 3 )</message>
</record>
<record>
  <date>2013-05-08T01:56:13</date>
  <millis>1368003373301</millis>
  <sequence>48</sequence>
  <logger>game1368003306172</logger>
  <level>INFO</level>
  <class>org.ggp.base.player.gamer.statemachine.PlatypusPlayer.PlatypusPlayer</class>
  <method>stateMachineSelectMove</method>
  <thread>11</thread>
  <message>with the sure score of 0.0</message>
</record>
<record>
  <date>2013-05-08T01:56:13</date>
  <millis>1368003373301</millis>
  <sequence>49</sequence>
  <logger>game1368003306172</logger>
  <level>INFO</level>
  <class>org.ggp.base.player.gamer.statemachine.PlatypusPlayer.PlatypusPlayer</class>
  <method>stateMachineSelectMove</method>
  <thread>11</thread>
  <message>Starting Monte Carlo</message>
</record>
<record>
  <date>2013-05-08T01:56:13</date>
  <millis>1368003373301</millis>
  <sequence>50</sequence>
  <logger>game1368003306172</logger>
  <level>INFO</level>
  <class>org.ggp.base.player.gamer.statemachine.PlatypusPlayer.PlatypusPlayer</class>
  <method>stateMachineSelectMove</method>
  <thread>11</thread>
  <message>PAUSING PLATYPUS FOR 9491</message>
</record>
<record>
  <date>2013-05-08T01:56:22</date>
  <millis>1368003382858</millis>
  <sequence>51</sequence>
  <logger>game1368003306172</logger>
  <level>INFO</level>
  <class>players.BryceMonteCarloTreeSearch</class>
  <method>run</method>
  <thread>15</thread>
  <message>move: ( drop 3 ) value: 2.0 visited: 2</message>
</record>
<record>
  <date>2013-05-08T01:56:22</date>
  <millis>1368003382860</millis>
  <sequence>52</sequence>
  <logger>game1368003306172</logger>
  <level>INFO</level>
  <class>players.BryceMonteCarloTreeSearch</class>
  <method>run</method>
  <thread>15</thread>
  <message>move: ( drop 2 ) value: 16.0 visited: 16</message>
</record>
<record>
  <date>2013-05-08T01:56:22</date>
  <millis>1368003382861</millis>
  <sequence>53</sequence>
  <logger>game1368003306172</logger>
  <level>INFO</level>
  <class>players.BryceMonteCarloTreeSearch</class>
  <method>run</method>
  <thread>15</thread>
  <message>move: ( drop 4 ) value: 12.0 visited: 12</message>
</record>
<record>
  <date>2013-05-08T01:56:22</date>
  <millis>1368003382863</millis>
  <sequence>54</sequence>
  <logger>game1368003306172</logger>
  <level>INFO</level>
  <class>players.BryceMonteCarloTreeSearch</class>
  <method>run</method>
  <thread>15</thread>
  <message>move: ( drop 5 ) value: 104.0 visited: 104</message>
</record>
<record>
  <date>2013-05-08T01:56:22</date>
  <millis>1368003382864</millis>
  <sequence>55</sequence>
  <logger>game1368003306172</logger>
  <level>INFO</level>
  <class>players.BryceMonteCarloTreeSearch</class>
  <method>run</method>
  <thread>15</thread>
  <message>move: ( drop 8 ) value: 7.0 visited: 7</message>
</record>
<record>
  <date>2013-05-08T01:56:22</date>
  <millis>1368003382865</millis>
  <sequence>56</sequence>
  <logger>game1368003306172</logger>
  <level>INFO</level>
  <class>players.BryceMonteCarloTreeSearch</class>
  <method>run</method>
  <thread>15</thread>
  <message>move: ( drop 7 ) value: 12.0 visited: 12</message>
</record>
<record>
  <date>2013-05-08T01:56:22</date>
  <millis>1368003382867</millis>
  <sequence>57</sequence>
  <logger>game1368003306172</logger>
  <level>INFO</level>
  <class>players.BryceMonteCarloTreeSearch</class>
  <method>run</method>
  <thread>15</thread>
  <message>move: ( drop 6 ) value: 24.0 visited: 24</message>
</record>
<record>
  <date>2013-05-08T01:56:22</date>
  <millis>1368003382868</millis>
  <sequence>58</sequence>
  <logger>game1368003306172</logger>
  <level>INFO</level>
  <class>players.BryceMonteCarloTreeSearch</class>
  <method>run</method>
  <thread>15</thread>
  <message>move: ( drop 1 ) value: 15.0 visited: 15</message>
</record>
<record>
  <date>2013-05-08T01:56:23</date>
  <millis>1368003383793</millis>
  <sequence>59</sequence>
  <logger>game1368003306172</logger>
  <level>INFO</level>
  <class>org.ggp.base.player.gamer.statemachine.PlatypusPlayer.PlatypusPlayer</class>
  <method>stateMachineSelectMove</method>
  <thread>11</thread>
  <message>--------Best Move after Monte Carlo--------</message>
</record>
<record>
  <date>2013-05-08T01:56:23</date>
  <millis>1368003383793</millis>
  <sequence>60</sequence>
  <logger>game1368003306172</logger>
  <level>INFO</level>
  <class>org.ggp.base.player.gamer.statemachine.PlatypusPlayer.PlatypusPlayer</class>
  <method>stateMachineSelectMove</method>
  <thread>11</thread>
  <message>best move: ( drop 5 )</message>
</record>
<record>
  <date>2013-05-08T01:56:26</date>
  <millis>1368003386412</millis>
  <sequence>61</sequence>
  <logger>game1368003306172</logger>
  <level>INFO</level>
  <class>org.ggp.base.player.gamer.statemachine.PlatypusPlayer.PlatypusPlayer</class>
  <method>stateMachineSelectMove</method>
  <thread>11</thread>
  <message>--------Best Move after Minimiax--------</message>
</record>
<record>
  <date>2013-05-08T01:56:26</date>
  <millis>1368003386413</millis>
  <sequence>62</sequence>
  <logger>game1368003306172</logger>
  <level>INFO</level>
  <class>org.ggp.base.player.gamer.statemachine.PlatypusPlayer.PlatypusPlayer</class>
  <method>stateMachineSelectMove</method>
  <thread>11</thread>
  <message>Sure move is ( drop 3 )</message>
</record>
<record>
  <date>2013-05-08T01:56:26</date>
  <millis>1368003386413</millis>
  <sequence>63</sequence>
  <logger>game1368003306172</logger>
  <level>INFO</level>
  <class>org.ggp.base.player.gamer.statemachine.PlatypusPlayer.PlatypusPlayer</class>
  <method>stateMachineSelectMove</method>
  <thread>11</thread>
  <message>with the sure score of 0.0</message>
</record>
<record>
  <date>2013-05-08T01:56:26</date>
  <millis>1368003386413</millis>
  <sequence>64</sequence>
  <logger>game1368003306172</logger>
  <level>INFO</level>
  <class>org.ggp.base.player.gamer.statemachine.PlatypusPlayer.PlatypusPlayer</class>
  <method>stateMachineSelectMove</method>
  <thread>11</thread>
  <message>Starting Monte Carlo</message>
</record>
<record>
  <date>2013-05-08T01:56:26</date>
  <millis>1368003386413</millis>
  <sequence>65</sequence>
  <logger>game1368003306172</logger>
  <level>INFO</level>
  <class>org.ggp.base.player.gamer.statemachine.PlatypusPlayer.PlatypusPlayer</class>
  <method>stateMachineSelectMove</method>
  <thread>11</thread>
  <message>PAUSING PLATYPUS FOR 9495</message>
</record>
<record>
  <date>2013-05-08T01:56:35</date>
  <millis>1368003395919</millis>
  <sequence>66</sequence>
  <logger>game1368003306172</logger>
  <level>INFO</level>
  <class>players.BryceMonteCarloTreeSearch</class>
  <method>run</method>
  <thread>16</thread>
  <message>move: ( drop 3 ) value: 104.0 visited: 104</message>
</record>
<record>
  <date>2013-05-08T01:56:35</date>
  <millis>1368003395921</millis>
  <sequence>67</sequence>
  <logger>game1368003306172</logger>
  <level>INFO</level>
  <class>players.BryceMonteCarloTreeSearch</class>
  <method>run</method>
  <thread>16</thread>
  <message>move: ( drop 2 ) value: 23.0 visited: 23</message>
</record>
<record>
  <date>2013-05-08T01:56:35</date>
  <millis>1368003395922</millis>
  <sequence>68</sequence>
  <logger>game1368003306172</logger>
  <level>INFO</level>
  <class>players.BryceMonteCarloTreeSearch</class>
  <method>run</method>
  <thread>16</thread>
  <message>move: ( drop 4 ) value: 25.0 visited: 25</message>
</record>
<record>
  <date>2013-05-08T01:56:35</date>
  <millis>1368003395924</millis>
  <sequence>69</sequence>
  <logger>game1368003306172</logger>
  <level>INFO</level>
  <class>players.BryceMonteCarloTreeSearch</class>
  <method>run</method>
  <thread>16</thread>
  <message>move: ( drop 5 ) value: 83.0 visited: 83</message>
</record>
<record>
  <date>2013-05-08T01:56:35</date>
  <millis>1368003395925</millis>
  <sequence>70</sequence>
  <logger>game1368003306172</logger>
  <level>INFO</level>
  <class>players.BryceMonteCarloTreeSearch</class>
  <method>run</method>
  <thread>16</thread>
  <message>move: ( drop 8 ) value: 16.0 visited: 16</message>
</record>
<record>
  <date>2013-05-08T01:56:35</date>
  <millis>1368003395926</millis>
  <sequence>71</sequence>
  <logger>game1368003306172</logger>
  <level>INFO</level>
  <class>players.BryceMonteCarloTreeSearch</class>
  <method>run</method>
  <thread>16</thread>
  <message>move: ( drop 7 ) value: 24.0 visited: 24</message>
</record>
<record>
  <date>2013-05-08T01:56:35</date>
  <millis>1368003395928</millis>
  <sequence>72</sequence>
  <logger>game1368003306172</logger>
  <level>INFO</level>
  <class>players.BryceMonteCarloTreeSearch</class>
  <method>run</method>
  <thread>16</thread>
  <message>move: ( drop 6 ) value: 7.0 visited: 7</message>
</record>
<record>
  <date>2013-05-08T01:56:35</date>
  <millis>1368003395929</millis>
  <sequence>73</sequence>
  <logger>game1368003306172</logger>
  <level>INFO</level>
  <class>players.BryceMonteCarloTreeSearch</class>
  <method>run</method>
  <thread>16</thread>
  <message>move: ( drop 1 ) value: 17.0 visited: 17</message>
</record>
<record>
  <date>2013-05-08T01:56:36</date>
  <millis>1368003396908</millis>
  <sequence>74</sequence>
  <logger>game1368003306172</logger>
  <level>INFO</level>
  <class>org.ggp.base.player.gamer.statemachine.PlatypusPlayer.PlatypusPlayer</class>
  <method>stateMachineSelectMove</method>
  <thread>11</thread>
  <message>--------Best Move after Monte Carlo--------</message>
</record>
<record>
  <date>2013-05-08T01:56:36</date>
  <millis>1368003396909</millis>
  <sequence>75</sequence>
  <logger>game1368003306172</logger>
  <level>INFO</level>
  <class>org.ggp.base.player.gamer.statemachine.PlatypusPlayer.PlatypusPlayer</class>
  <method>stateMachineSelectMove</method>
  <thread>11</thread>
  <message>best move: ( drop 3 )</message>
</record>
<record>
  <date>2013-05-08T01:56:39</date>
  <millis>1368003399521</millis>
  <sequence>76</sequence>
  <logger>game1368003306172</logger>
  <level>INFO</level>
  <class>org.ggp.base.player.gamer.statemachine.PlatypusPlayer.PlatypusPlayer</class>
  <method>stateMachineSelectMove</method>
  <thread>11</thread>
  <message>--------Best Move after Minimiax--------</message>
</record>
<record>
  <date>2013-05-08T01:56:39</date>
  <millis>1368003399521</millis>
  <sequence>77</sequence>
  <logger>game1368003306172</logger>
  <level>INFO</level>
  <class>org.ggp.base.player.gamer.statemachine.PlatypusPlayer.PlatypusPlayer</class>
  <method>stateMachineSelectMove</method>
  <thread>11</thread>
  <message>Sure move is ( drop 3 )</message>
</record>
<record>
  <date>2013-05-08T01:56:39</date>
  <millis>1368003399522</millis>
  <sequence>78</sequence>
  <logger>game1368003306172</logger>
  <level>INFO</level>
  <class>org.ggp.base.player.gamer.statemachine.PlatypusPlayer.PlatypusPlayer</class>
  <method>stateMachineSelectMove</method>
  <thread>11</thread>
  <message>with the sure score of 0.0</message>
</record>
<record>
  <date>2013-05-08T01:56:39</date>
  <millis>1368003399522</millis>
  <sequence>79</sequence>
  <logger>game1368003306172</logger>
  <level>INFO</level>
  <class>org.ggp.base.player.gamer.statemachine.PlatypusPlayer.PlatypusPlayer</class>
  <method>stateMachineSelectMove</method>
  <thread>11</thread>
  <message>Starting Monte Carlo</message>
</record>
<record>
  <date>2013-05-08T01:56:39</date>
  <millis>1368003399522</millis>
  <sequence>80</sequence>
  <logger>game1368003306172</logger>
  <level>INFO</level>
  <class>org.ggp.base.player.gamer.statemachine.PlatypusPlayer.PlatypusPlayer</class>
  <method>stateMachineSelectMove</method>
  <thread>11</thread>
  <message>PAUSING PLATYPUS FOR 9495</message>
</record>
<record>
  <date>2013-05-08T01:56:49</date>
  <millis>1368003409058</millis>
  <sequence>81</sequence>
  <logger>game1368003306172</logger>
  <level>INFO</level>
  <class>players.BryceMonteCarloTreeSearch</class>
  <method>run</method>
  <thread>17</thread>
  <message>move: ( drop 3 ) value: 70.0 visited: 70</message>
</record>
<record>
  <date>2013-05-08T01:56:49</date>
  <millis>1368003409060</millis>
  <sequence>82</sequence>
  <logger>game1368003306172</logger>
  <level>INFO</level>
  <class>players.BryceMonteCarloTreeSearch</class>
  <method>run</method>
  <thread>17</thread>
  <message>move: ( drop 2 ) value: 18.0 visited: 18</message>
</record>
<record>
  <date>2013-05-08T01:56:49</date>
  <millis>1368003409061</millis>
  <sequence>83</sequence>
  <logger>game1368003306172</logger>
  <level>INFO</level>
  <class>players.BryceMonteCarloTreeSearch</class>
  <method>run</method>
  <thread>17</thread>
  <message>move: ( drop 4 ) value: 4.0 visited: 4</message>
</record>
<record>
  <date>2013-05-08T01:56:49</date>
  <millis>1368003409063</millis>
  <sequence>84</sequence>
  <logger>game1368003306172</logger>
  <level>INFO</level>
  <class>players.BryceMonteCarloTreeSearch</class>
  <method>run</method>
  <thread>17</thread>
  <message>move: ( drop 5 ) value: 4.0 visited: 4</message>
</record>
<record>
  <date>2013-05-08T01:56:49</date>
  <millis>1368003409064</millis>
  <sequence>85</sequence>
  <logger>game1368003306172</logger>
  <level>INFO</level>
  <class>players.BryceMonteCarloTreeSearch</class>
  <method>run</method>
  <thread>17</thread>
  <message>move: ( drop 8 ) value: 35.0 visited: 35</message>
</record>
<record>
  <date>2013-05-08T01:56:49</date>
  <millis>1368003409069</millis>
  <sequence>86</sequence>
  <logger>game1368003306172</logger>
  <level>INFO</level>
  <class>players.BryceMonteCarloTreeSearch</class>
  <method>run</method>
  <thread>17</thread>
  <message>move: ( drop 7 ) value: 57.0 visited: 57</message>
</record>
<record>
  <date>2013-05-08T01:56:49</date>
  <millis>1368003409071</millis>
  <sequence>87</sequence>
  <logger>game1368003306172</logger>
  <level>INFO</level>
  <class>players.BryceMonteCarloTreeSearch</class>
  <method>run</method>
  <thread>17</thread>
  <message>move: ( drop 6 ) value: 37.0 visited: 37</message>
</record>
<record>
  <date>2013-05-08T01:56:49</date>
  <millis>1368003409072</millis>
  <sequence>88</sequence>
  <logger>game1368003306172</logger>
  <level>INFO</level>
  <class>players.BryceMonteCarloTreeSearch</class>
  <method>run</method>
  <thread>17</thread>
  <message>move: ( drop 1 ) value: 18.0 visited: 18</message>
</record>
<record>
  <date>2013-05-08T01:56:50</date>
  <millis>1368003410017</millis>
  <sequence>89</sequence>
  <logger>game1368003306172</logger>
  <level>INFO</level>
  <class>org.ggp.base.player.gamer.statemachine.PlatypusPlayer.PlatypusPlayer</class>
  <method>stateMachineSelectMove</method>
  <thread>11</thread>
  <message>--------Best Move after Monte Carlo--------</message>
</record>
<record>
  <date>2013-05-08T01:56:50</date>
  <millis>1368003410018</millis>
  <sequence>90</sequence>
  <logger>game1368003306172</logger>
  <level>INFO</level>
  <class>org.ggp.base.player.gamer.statemachine.PlatypusPlayer.PlatypusPlayer</class>
  <method>stateMachineSelectMove</method>
  <thread>11</thread>
  <message>best move: ( drop 3 )</message>
</record>
<record>
  <date>2013-05-08T01:56:52</date>
  <millis>1368003412634</millis>
  <sequence>91</sequence>
  <logger>game1368003306172</logger>
  <level>INFO</level>
  <class>org.ggp.base.player.gamer.statemachine.PlatypusPlayer.PlatypusPlayer</class>
  <method>stateMachineSelectMove</method>
  <thread>11</thread>
  <message>--------Best Move after Minimiax--------</message>
</record>
<record>
  <date>2013-05-08T01:56:52</date>
  <millis>1368003412634</millis>
  <sequence>92</sequence>
  <logger>game1368003306172</logger>
  <level>INFO</level>
  <class>org.ggp.base.player.gamer.statemachine.PlatypusPlayer.PlatypusPlayer</class>
  <method>stateMachineSelectMove</method>
  <thread>11</thread>
  <message>Sure move is ( drop 3 )</message>
</record>
<record>
  <date>2013-05-08T01:56:52</date>
  <millis>1368003412634</millis>
  <sequence>93</sequence>
  <logger>game1368003306172</logger>
  <level>INFO</level>
  <class>org.ggp.base.player.gamer.statemachine.PlatypusPlayer.PlatypusPlayer</class>
  <method>stateMachineSelectMove</method>
  <thread>11</thread>
  <message>with the sure score of 0.0</message>
</record>
<record>
  <date>2013-05-08T01:56:52</date>
  <millis>1368003412635</millis>
  <sequence>94</sequence>
  <logger>game1368003306172</logger>
  <level>INFO</level>
  <class>org.ggp.base.player.gamer.statemachine.PlatypusPlayer.PlatypusPlayer</class>
  <method>stateMachineSelectMove</method>
  <thread>11</thread>
  <message>Starting Monte Carlo</message>
</record>
<record>
  <date>2013-05-08T01:56:52</date>
  <millis>1368003412635</millis>
  <sequence>95</sequence>
  <logger>game1368003306172</logger>
  <level>INFO</level>
  <class>org.ggp.base.player.gamer.statemachine.PlatypusPlayer.PlatypusPlayer</class>
  <method>stateMachineSelectMove</method>
  <thread>11</thread>
  <message>PAUSING PLATYPUS FOR 9495</message>
</record>
<record>
  <date>2013-05-08T01:57:02</date>
  <millis>1368003422135</millis>
  <sequence>96</sequence>
  <logger>game1368003306172</logger>
  <level>INFO</level>
  <class>players.BryceMonteCarloTreeSearch</class>
  <method>run</method>
  <thread>18</thread>
  <message>move: ( drop 3 ) value: 32.0 visited: 32</message>
</record>
<record>
  <date>2013-05-08T01:57:02</date>
  <millis>1368003422136</millis>
  <sequence>97</sequence>
  <logger>game1368003306172</logger>
  <level>INFO</level>
  <class>players.BryceMonteCarloTreeSearch</class>
  <method>run</method>
  <thread>18</thread>
  <message>move: ( drop 2 ) value: 53.0 visited: 53</message>
</record>
<record>
  <date>2013-05-08T01:57:02</date>
  <millis>1368003422138</millis>
  <sequence>98</sequence>
  <logger>game1368003306172</logger>
  <level>INFO</level>
  <class>players.BryceMonteCarloTreeSearch</class>
  <method>run</method>
  <thread>18</thread>
  <message>move: ( drop 4 ) value: 51.0 visited: 51</message>
</record>
<record>
  <date>2013-05-08T01:57:02</date>
  <millis>1368003422139</millis>
  <sequence>99</sequence>
  <logger>game1368003306172</logger>
  <level>INFO</level>
  <class>players.BryceMonteCarloTreeSearch</class>
  <method>run</method>
  <thread>18</thread>
  <message>move: ( drop 5 ) value: 16.0 visited: 16</message>
</record>
<record>
  <date>2013-05-08T01:57:02</date>
  <millis>1368003422140</millis>
  <sequence>100</sequence>
  <logger>game1368003306172</logger>
  <level>INFO</level>
  <class>players.BryceMonteCarloTreeSearch</class>
  <method>run</method>
  <thread>18</thread>
  <message>move: ( drop 8 ) value: 19.0 visited: 19</message>
</record>
<record>
  <date>2013-05-08T01:57:02</date>
  <millis>1368003422142</millis>
  <sequence>101</sequence>
  <logger>game1368003306172</logger>
  <level>INFO</level>
  <class>players.BryceMonteCarloTreeSearch</class>
  <method>run</method>
  <thread>18</thread>
  <message>move: ( drop 7 ) value: 46.0 visited: 46</message>
</record>
<record>
  <date>2013-05-08T01:57:02</date>
  <millis>1368003422143</millis>
  <sequence>102</sequence>
  <logger>game1368003306172</logger>
  <level>INFO</level>
  <class>players.BryceMonteCarloTreeSearch</class>
  <method>run</method>
  <thread>18</thread>
  <message>move: ( drop 6 ) value: 41.0 visited: 41</message>
</record>
<record>
  <date>2013-05-08T01:57:02</date>
  <millis>1368003422145</millis>
  <sequence>103</sequence>
  <logger>game1368003306172</logger>
  <level>INFO</level>
  <class>players.BryceMonteCarloTreeSearch</class>
  <method>run</method>
  <thread>18</thread>
  <message>move: ( drop 1 ) value: 30.0 visited: 30</message>
</record>
<record>
  <date>2013-05-08T01:57:03</date>
  <millis>1368003423130</millis>
  <sequence>104</sequence>
  <logger>game1368003306172</logger>
  <level>INFO</level>
  <class>org.ggp.base.player.gamer.statemachine.PlatypusPlayer.PlatypusPlayer</class>
  <method>stateMachineSelectMove</method>
  <thread>11</thread>
  <message>--------Best Move after Monte Carlo--------</message>
</record>
<record>
  <date>2013-05-08T01:57:03</date>
  <millis>1368003423131</millis>
  <sequence>105</sequence>
  <logger>game1368003306172</logger>
  <level>INFO</level>
  <class>org.ggp.base.player.gamer.statemachine.PlatypusPlayer.PlatypusPlayer</class>
  <method>stateMachineSelectMove</method>
  <thread>11</thread>
  <message>best move: ( drop 2 )</message>
</record>
<record>
  <date>2013-05-08T01:57:05</date>
  <millis>1368003425752</millis>
  <sequence>106</sequence>
  <logger>game1368003306172</logger>
  <level>INFO</level>
  <class>org.ggp.base.player.gamer.statemachine.PlatypusPlayer.PlatypusPlayer</class>
  <method>stateMachineSelectMove</method>
  <thread>11</thread>
  <message>--------Best Move after Minimiax--------</message>
</record>
<record>
  <date>2013-05-08T01:57:05</date>
  <millis>1368003425752</millis>
  <sequence>107</sequence>
  <logger>game1368003306172</logger>
  <level>INFO</level>
  <class>org.ggp.base.player.gamer.statemachine.PlatypusPlayer.PlatypusPlayer</class>
  <method>stateMachineSelectMove</method>
  <thread>11</thread>
  <message>Sure move is ( drop 3 )</message>
</record>
<record>
  <date>2013-05-08T01:57:05</date>
  <millis>1368003425752</millis>
  <sequence>108</sequence>
  <logger>game1368003306172</logger>
  <level>INFO</level>
  <class>org.ggp.base.player.gamer.statemachine.PlatypusPlayer.PlatypusPlayer</class>
  <method>stateMachineSelectMove</method>
  <thread>11</thread>
  <message>with the sure score of 0.0</message>
</record>
<record>
  <date>2013-05-08T01:57:05</date>
  <millis>1368003425753</millis>
  <sequence>109</sequence>
  <logger>game1368003306172</logger>
  <level>INFO</level>
  <class>org.ggp.base.player.gamer.statemachine.PlatypusPlayer.PlatypusPlayer</class>
  <method>stateMachineSelectMove</method>
  <thread>11</thread>
  <message>Starting Monte Carlo</message>
</record>
<record>
  <date>2013-05-08T01:57:05</date>
  <millis>1368003425753</millis>
  <sequence>110</sequence>
  <logger>game1368003306172</logger>
  <level>INFO</level>
  <class>org.ggp.base.player.gamer.statemachine.PlatypusPlayer.PlatypusPlayer</class>
  <method>stateMachineSelectMove</method>
  <thread>11</thread>
  <message>PAUSING PLATYPUS FOR 9488</message>
</record>
<record>
  <date>2013-05-08T01:57:15</date>
  <millis>1368003435284</millis>
  <sequence>111</sequence>
  <logger>game1368003306172</logger>
  <level>INFO</level>
  <class>players.BryceMonteCarloTreeSearch</class>
  <method>run</method>
  <thread>19</thread>
  <message>move: ( drop 3 ) value: 42.0 visited: 42</message>
</record>
<record>
  <date>2013-05-08T01:57:15</date>
  <millis>1368003435286</millis>
  <sequence>112</sequence>
  <logger>game1368003306172</logger>
  <level>INFO</level>
  <class>players.BryceMonteCarloTreeSearch</class>
  <method>run</method>
  <thread>19</thread>
  <message>move: ( drop 2 ) value: 28.0 visited: 28</message>
</record>
<record>
  <date>2013-05-08T01:57:15</date>
  <millis>1368003435287</millis>
  <sequence>113</sequence>
  <logger>game1368003306172</logger>
  <level>INFO</level>
  <class>players.BryceMonteCarloTreeSearch</class>
  <method>run</method>
  <thread>19</thread>
  <message>move: ( drop 4 ) value: 39.0 visited: 39</message>
</record>
<record>
  <date>2013-05-08T01:57:15</date>
  <millis>1368003435289</millis>
  <sequence>114</sequence>
  <logger>game1368003306172</logger>
  <level>INFO</level>
  <class>players.BryceMonteCarloTreeSearch</class>
  <method>run</method>
  <thread>19</thread>
  <message>move: ( drop 5 ) value: 6.0 visited: 6</message>
</record>
<record>
  <date>2013-05-08T01:57:15</date>
  <millis>1368003435290</millis>
  <sequence>115</sequence>
  <logger>game1368003306172</logger>
  <level>INFO</level>
  <class>players.BryceMonteCarloTreeSearch</class>
  <method>run</method>
  <thread>19</thread>
  <message>move: ( drop 8 ) value: 25.0 visited: 25</message>
</record>
<record>
  <date>2013-05-08T01:57:15</date>
  <millis>1368003435291</millis>
  <sequence>116</sequence>
  <logger>game1368003306172</logger>
  <level>INFO</level>
  <class>players.BryceMonteCarloTreeSearch</class>
  <method>run</method>
  <thread>19</thread>
  <message>move: ( drop 7 ) value: 64.0 visited: 64</message>
</record>
<record>
  <date>2013-05-08T01:57:15</date>
  <millis>1368003435293</millis>
  <sequence>117</sequence>
  <logger>game1368003306172</logger>
  <level>INFO</level>
  <class>players.BryceMonteCarloTreeSearch</class>
  <method>run</method>
  <thread>19</thread>
  <message>move: ( drop 6 ) value: 25.0 visited: 25</message>
</record>
<record>
  <date>2013-05-08T01:57:15</date>
  <millis>1368003435294</millis>
  <sequence>118</sequence>
  <logger>game1368003306172</logger>
  <level>INFO</level>
  <class>players.BryceMonteCarloTreeSearch</class>
  <method>run</method>
  <thread>19</thread>
  <message>move: ( drop 1 ) value: 17.0 visited: 17</message>
</record>
<record>
  <date>2013-05-08T01:57:16</date>
  <millis>1368003436241</millis>
  <sequence>119</sequence>
  <logger>game1368003306172</logger>
  <level>INFO</level>
  <class>org.ggp.base.player.gamer.statemachine.PlatypusPlayer.PlatypusPlayer</class>
  <method>stateMachineSelectMove</method>
  <thread>11</thread>
  <message>--------Best Move after Monte Carlo--------</message>
</record>
<record>
  <date>2013-05-08T01:57:16</date>
  <millis>1368003436242</millis>
  <sequence>120</sequence>
  <logger>game1368003306172</logger>
  <level>INFO</level>
  <class>org.ggp.base.player.gamer.statemachine.PlatypusPlayer.PlatypusPlayer</class>
  <method>stateMachineSelectMove</method>
  <thread>11</thread>
  <message>best move: ( drop 7 )</message>
</record>
<record>
  <date>2013-05-08T01:57:18</date>
  <millis>1368003438858</millis>
  <sequence>121</sequence>
  <logger>game1368003306172</logger>
  <level>INFO</level>
  <class>org.ggp.base.player.gamer.statemachine.PlatypusPlayer.PlatypusPlayer</class>
  <method>stateMachineSelectMove</method>
  <thread>11</thread>
  <message>--------Best Move after Minimiax--------</message>
</record>
<record>
  <date>2013-05-08T01:57:18</date>
  <millis>1368003438858</millis>
  <sequence>122</sequence>
  <logger>game1368003306172</logger>
  <level>INFO</level>
  <class>org.ggp.base.player.gamer.statemachine.PlatypusPlayer.PlatypusPlayer</class>
  <method>stateMachineSelectMove</method>
  <thread>11</thread>
  <message>Sure move is ( drop 3 )</message>
</record>
<record>
  <date>2013-05-08T01:57:18</date>
  <millis>1368003438858</millis>
  <sequence>123</sequence>
  <logger>game1368003306172</logger>
  <level>INFO</level>
  <class>org.ggp.base.player.gamer.statemachine.PlatypusPlayer.PlatypusPlayer</class>
  <method>stateMachineSelectMove</method>
  <thread>11</thread>
  <message>with the sure score of 0.0</message>
</record>
<record>
  <date>2013-05-08T01:57:18</date>
  <millis>1368003438858</millis>
  <sequence>124</sequence>
  <logger>game1368003306172</logger>
  <level>INFO</level>
  <class>org.ggp.base.player.gamer.statemachine.PlatypusPlayer.PlatypusPlayer</class>
  <method>stateMachineSelectMove</method>
  <thread>11</thread>
  <message>Starting Monte Carlo</message>
</record>
<record>
  <date>2013-05-08T01:57:18</date>
  <millis>1368003438859</millis>
  <sequence>125</sequence>
  <logger>game1368003306172</logger>
  <level>INFO</level>
  <class>org.ggp.base.player.gamer.statemachine.PlatypusPlayer.PlatypusPlayer</class>
  <method>stateMachineSelectMove</method>
  <thread>11</thread>
  <message>PAUSING PLATYPUS FOR 9490</message>
</record>
<record>
  <date>2013-05-08T01:57:28</date>
  <millis>1368003448351</millis>
  <sequence>126</sequence>
  <logger>game1368003306172</logger>
  <level>INFO</level>
  <class>players.BryceMonteCarloTreeSearch</class>
  <method>run</method>
  <thread>20</thread>
  <message>move: ( drop 3 ) value: 13.0 visited: 13</message>
</record>
<record>
  <date>2013-05-08T01:57:28</date>
  <millis>1368003448352</millis>
  <sequence>127</sequence>
  <logger>game1368003306172</logger>
  <level>INFO</level>
  <class>players.BryceMonteCarloTreeSearch</class>
  <method>run</method>
  <thread>20</thread>
  <message>move: ( drop 2 ) value: 2.0 visited: 2</message>
</record>
<record>
  <date>2013-05-08T01:57:28</date>
  <millis>1368003448354</millis>
  <sequence>128</sequence>
  <logger>game1368003306172</logger>
  <level>INFO</level>
  <class>players.BryceMonteCarloTreeSearch</class>
  <method>run</method>
  <thread>20</thread>
  <message>move: ( drop 4 ) value: 91.0 visited: 91</message>
</record>
<record>
  <date>2013-05-08T01:57:28</date>
  <millis>1368003448355</millis>
  <sequence>129</sequence>
  <logger>game1368003306172</logger>
  <level>INFO</level>
  <class>players.BryceMonteCarloTreeSearch</class>
  <method>run</method>
  <thread>20</thread>
  <message>move: ( drop 5 ) value: 422.0 visited: 422</message>
</record>
<record>
  <date>2013-05-08T01:57:28</date>
  <millis>1368003448356</millis>
  <sequence>130</sequence>
  <logger>game1368003306172</logger>
  <level>INFO</level>
  <class>players.BryceMonteCarloTreeSearch</class>
  <method>run</method>
  <thread>20</thread>
  <message>move: ( drop 8 ) value: 17.0 visited: 17</message>
</record>
<record>
  <date>2013-05-08T01:57:28</date>
  <millis>1368003448358</millis>
  <sequence>131</sequence>
  <logger>game1368003306172</logger>
  <level>INFO</level>
  <class>players.BryceMonteCarloTreeSearch</class>
  <method>run</method>
  <thread>20</thread>
  <message>move: ( drop 7 ) value: 10.0 visited: 10</message>
</record>
<record>
  <date>2013-05-08T01:57:28</date>
  <millis>1368003448359</millis>
  <sequence>132</sequence>
  <logger>game1368003306172</logger>
  <level>INFO</level>
  <class>players.BryceMonteCarloTreeSearch</class>
  <method>run</method>
  <thread>20</thread>
  <message>move: ( drop 6 ) value: 22.0 visited: 22</message>
</record>
<record>
  <date>2013-05-08T01:57:28</date>
  <millis>1368003448361</millis>
  <sequence>133</sequence>
  <logger>game1368003306172</logger>
  <level>INFO</level>
  <class>players.BryceMonteCarloTreeSearch</class>
  <method>run</method>
  <thread>20</thread>
  <message>move: ( drop 1 ) value: 5.0 visited: 5</message>
</record>
<record>
  <date>2013-05-08T01:57:29</date>
  <millis>1368003449349</millis>
  <sequence>134</sequence>
  <logger>game1368003306172</logger>
  <level>INFO</level>
  <class>org.ggp.base.player.gamer.statemachine.PlatypusPlayer.PlatypusPlayer</class>
  <method>stateMachineSelectMove</method>
  <thread>11</thread>
  <message>--------Best Move after Monte Carlo--------</message>
</record>
<record>
  <date>2013-05-08T01:57:29</date>
  <millis>1368003449350</millis>
  <sequence>135</sequence>
  <logger>game1368003306172</logger>
  <level>INFO</level>
  <class>org.ggp.base.player.gamer.statemachine.PlatypusPlayer.PlatypusPlayer</class>
  <method>stateMachineSelectMove</method>
  <thread>11</thread>
  <message>best move: ( drop 5 )</message>
</record>
</log>
