<?xml version="1.0" encoding="UTF-8" standalone="no"?>
<!DOCTYPE log SYSTEM "logger.dtd">
<log>
<record>
  <date>2013-05-07T23:46:43</date>
  <millis>1367995603796</millis>
  <sequence>0</sequence>
  <logger>game1367995603792</logger>
  <level>INFO</level>
  <class>platypus.logging.PlatypusLogger</class>
  <method>getLogger</method>
  <thread>10</thread>
  <message>Added FileHandler to Logger</message>
</record>
<record>
  <date>2013-05-07T23:47:02</date>
  <millis>1367995622643</millis>
  <sequence>1</sequence>
  <logger>game1367995603792</logger>
  <level>INFO</level>
  <class>org.ggp.base.player.gamer.statemachine.PlatypusPlayer.PlatypusPlayer</class>
  <method>stateMachineSelectMove</method>
  <thread>11</thread>
  <message>--------Best Move after Minimiax--------</message>
</record>
<record>
  <date>2013-05-07T23:47:02</date>
  <millis>1367995622644</millis>
  <sequence>2</sequence>
  <logger>game1367995603792</logger>
  <level>INFO</level>
  <class>org.ggp.base.player.gamer.statemachine.PlatypusPlayer.PlatypusPlayer</class>
  <method>stateMachineSelectMove</method>
  <thread>11</thread>
  <message>Sure move is ( mark 2 3 )</message>
</record>
<record>
  <date>2013-05-07T23:47:02</date>
  <millis>1367995622644</millis>
  <sequence>3</sequence>
  <logger>game1367995603792</logger>
  <level>INFO</level>
  <class>org.ggp.base.player.gamer.statemachine.PlatypusPlayer.PlatypusPlayer</class>
  <method>stateMachineSelectMove</method>
  <thread>11</thread>
  <message>with the sure score of 0.0</message>
</record>
<record>
  <date>2013-05-07T23:47:02</date>
  <millis>1367995622644</millis>
  <sequence>4</sequence>
  <logger>game1367995603792</logger>
  <level>INFO</level>
  <class>org.ggp.base.player.gamer.statemachine.PlatypusPlayer.PlatypusPlayer</class>
  <method>stateMachineSelectMove</method>
  <thread>11</thread>
  <message>Starting Monte Carlo</message>
</record>
<record>
  <date>2013-05-07T23:47:02</date>
  <millis>1367995622644</millis>
  <sequence>5</sequence>
  <logger>game1367995603792</logger>
  <level>INFO</level>
  <class>org.ggp.base.player.gamer.statemachine.PlatypusPlayer.PlatypusPlayer</class>
  <method>stateMachineSelectMove</method>
  <thread>11</thread>
  <message>PAUSING PLATYPUS FOR 12400</message>
</record>
<record>
  <date>2013-05-07T23:47:16</date>
  <millis>1367995636045</millis>
  <sequence>6</sequence>
  <logger>game1367995603792</logger>
  <level>INFO</level>
  <class>org.ggp.base.player.gamer.statemachine.PlatypusPlayer.PlatypusPlayer</class>
  <method>stateMachineSelectMove</method>
  <thread>11</thread>
  <message>--------Best Move after Monte Carlo--------</message>
</record>
<record>
  <date>2013-05-07T23:47:16</date>
  <millis>1367995636046</millis>
  <sequence>7</sequence>
  <logger>game1367995603792</logger>
  <level>INFO</level>
  <class>org.ggp.base.player.gamer.statemachine.PlatypusPlayer.PlatypusPlayer</class>
  <method>stateMachineSelectMove</method>
  <thread>11</thread>
  <message>CHOSE RANDOM</message>
</record>
<record>
  <date>2013-05-07T23:47:16</date>
  <millis>1367995636046</millis>
  <sequence>8</sequence>
  <logger>game1367995603792</logger>
  <level>INFO</level>
  <class>org.ggp.base.player.gamer.statemachine.PlatypusPlayer.PlatypusPlayer</class>
  <method>stateMachineSelectMove</method>
  <thread>11</thread>
  <message>best move: ( mark 3 2 )</message>
</record>
<record>
  <date>2013-05-07T23:47:18</date>
  <millis>1367995638581</millis>
  <sequence>9</sequence>
  <logger>game1367995603792</logger>
  <level>INFO</level>
  <class>org.ggp.base.player.gamer.statemachine.PlatypusPlayer.PlatypusPlayer</class>
  <method>stateMachineSelectMove</method>
  <thread>11</thread>
  <message>--------Best Move after Minimiax--------</message>
</record>
<record>
  <date>2013-05-07T23:47:18</date>
  <millis>1367995638581</millis>
  <sequence>10</sequence>
  <logger>game1367995603792</logger>
  <level>INFO</level>
  <class>org.ggp.base.player.gamer.statemachine.PlatypusPlayer.PlatypusPlayer</class>
  <method>stateMachineSelectMove</method>
  <thread>11</thread>
  <message>Sure move is ( mark 3 3 )</message>
</record>
<record>
  <date>2013-05-07T23:47:18</date>
  <millis>1367995638581</millis>
  <sequence>11</sequence>
  <logger>game1367995603792</logger>
  <level>INFO</level>
  <class>org.ggp.base.player.gamer.statemachine.PlatypusPlayer.PlatypusPlayer</class>
  <method>stateMachineSelectMove</method>
  <thread>11</thread>
  <message>with the sure score of 0.0</message>
</record>
<record>
  <date>2013-05-07T23:47:18</date>
  <millis>1367995638582</millis>
  <sequence>12</sequence>
  <logger>game1367995603792</logger>
  <level>INFO</level>
  <class>org.ggp.base.player.gamer.statemachine.PlatypusPlayer.PlatypusPlayer</class>
  <method>stateMachineSelectMove</method>
  <thread>11</thread>
  <message>Starting Monte Carlo</message>
</record>
<record>
  <date>2013-05-07T23:47:18</date>
  <millis>1367995638582</millis>
  <sequence>13</sequence>
  <logger>game1367995603792</logger>
  <level>INFO</level>
  <class>org.ggp.base.player.gamer.statemachine.PlatypusPlayer.PlatypusPlayer</class>
  <method>stateMachineSelectMove</method>
  <thread>11</thread>
  <message>PAUSING PLATYPUS FOR 12400</message>
</record>
</log>
