<?xml version="1.0" encoding="UTF-8" standalone="no"?>
<!DOCTYPE log SYSTEM "logger.dtd">
<log>
<record>
  <date>2013-05-08T01:02:19</date>
  <millis>1368000139552</millis>
  <sequence>0</sequence>
  <logger>game1368000139548</logger>
  <level>INFO</level>
  <class>platypus.logging.PlatypusLogger</class>
  <method>getLogger</method>
  <thread>10</thread>
  <message>Added FileHandler to Logger</message>
</record>
<record>
  <date>2013-05-08T01:02:50</date>
  <millis>1368000170706</millis>
  <sequence>1</sequence>
  <logger>game1368000139548</logger>
  <level>INFO</level>
  <class>org.ggp.base.player.gamer.statemachine.PlatypusPlayer.PlatypusPlayer</class>
  <method>stateMachineSelectMove</method>
  <thread>11</thread>
  <message>Starting Monte Carlo</message>
</record>
<record>
  <date>2013-05-08T01:02:50</date>
  <millis>1368000170706</millis>
  <sequence>2</sequence>
  <logger>game1368000139548</logger>
  <level>INFO</level>
  <class>org.ggp.base.player.gamer.statemachine.PlatypusPlayer.PlatypusPlayer</class>
  <method>stateMachineSelectMove</method>
  <thread>11</thread>
  <message>PAUSING PLATYPUS FOR 11500</message>
</record>
<record>
  <date>2013-05-08T01:03:02</date>
  <millis>1368000182208</millis>
  <sequence>3</sequence>
  <logger>game1368000139548</logger>
  <level>INFO</level>
  <class>players.BryceMonteCarloTreeSearch</class>
  <method>run</method>
  <thread>12</thread>
  <message>move: ( mark 1 2 ) value: 41.0 visited: 41</message>
</record>
<record>
  <date>2013-05-08T01:03:02</date>
  <millis>1368000182209</millis>
  <sequence>4</sequence>
  <logger>game1368000139548</logger>
  <level>INFO</level>
  <class>players.BryceMonteCarloTreeSearch</class>
  <method>run</method>
  <thread>12</thread>
  <message>move: ( mark 3 3 ) value: 19.0 visited: 19</message>
</record>
<record>
  <date>2013-05-08T01:03:02</date>
  <millis>1368000182209</millis>
  <sequence>5</sequence>
  <logger>game1368000139548</logger>
  <level>INFO</level>
  <class>players.BryceMonteCarloTreeSearch</class>
  <method>run</method>
  <thread>12</thread>
  <message>move: ( mark 2 2 ) value: 158250.0 visited: 158250</message>
</record>
<record>
  <date>2013-05-08T01:03:02</date>
  <millis>1368000182210</millis>
  <sequence>6</sequence>
  <logger>game1368000139548</logger>
  <level>INFO</level>
  <class>players.BryceMonteCarloTreeSearch</class>
  <method>run</method>
  <thread>12</thread>
  <message>move: ( mark 3 1 ) value: 40.0 visited: 40</message>
</record>
<record>
  <date>2013-05-08T01:03:02</date>
  <millis>1368000182210</millis>
  <sequence>7</sequence>
  <logger>game1368000139548</logger>
  <level>INFO</level>
  <class>players.BryceMonteCarloTreeSearch</class>
  <method>run</method>
  <thread>12</thread>
  <message>move: ( mark 1 3 ) value: 69.0 visited: 69</message>
</record>
<record>
  <date>2013-05-08T01:03:02</date>
  <millis>1368000182210</millis>
  <sequence>8</sequence>
  <logger>game1368000139548</logger>
  <level>INFO</level>
  <class>players.BryceMonteCarloTreeSearch</class>
  <method>run</method>
  <thread>12</thread>
  <message>move: ( mark 2 3 ) value: 17.0 visited: 17</message>
</record>
<record>
  <date>2013-05-08T01:03:02</date>
  <millis>1368000182211</millis>
  <sequence>9</sequence>
  <logger>game1368000139548</logger>
  <level>INFO</level>
  <class>players.BryceMonteCarloTreeSearch</class>
  <method>run</method>
  <thread>12</thread>
  <message>move: ( mark 1 1 ) value: 67.0 visited: 67</message>
</record>
<record>
  <date>2013-05-08T01:03:02</date>
  <millis>1368000182211</millis>
  <sequence>10</sequence>
  <logger>game1368000139548</logger>
  <level>INFO</level>
  <class>players.BryceMonteCarloTreeSearch</class>
  <method>run</method>
  <thread>12</thread>
  <message>move: ( mark 2 1 ) value: 23.0 visited: 23</message>
</record>
<record>
  <date>2013-05-08T01:03:02</date>
  <millis>1368000182211</millis>
  <sequence>11</sequence>
  <logger>game1368000139548</logger>
  <level>INFO</level>
  <class>players.BryceMonteCarloTreeSearch</class>
  <method>run</method>
  <thread>12</thread>
  <message>move: ( mark 3 2 ) value: 56.0 visited: 56</message>
</record>
<record>
  <date>2013-05-08T01:03:02</date>
  <millis>1368000182308</millis>
  <sequence>12</sequence>
  <logger>game1368000139548</logger>
  <level>INFO</level>
  <class>org.ggp.base.player.gamer.statemachine.PlatypusPlayer.PlatypusPlayer</class>
  <method>stateMachineSelectMove</method>
  <thread>11</thread>
  <message>--------Best Move after Monte Carlo--------</message>
</record>
<record>
  <date>2013-05-08T01:03:02</date>
  <millis>1368000182309</millis>
  <sequence>13</sequence>
  <logger>game1368000139548</logger>
  <level>INFO</level>
  <class>org.ggp.base.player.gamer.statemachine.PlatypusPlayer.PlatypusPlayer</class>
  <method>stateMachineSelectMove</method>
  <thread>11</thread>
  <message>best move: ( mark 2 2 )</message>
</record>
<record>
  <date>2013-05-08T01:03:02</date>
  <millis>1368000182334</millis>
  <sequence>14</sequence>
  <logger>game1368000139548</logger>
  <level>INFO</level>
  <class>org.ggp.base.player.gamer.statemachine.PlatypusPlayer.PlatypusPlayer</class>
  <method>stateMachineSelectMove</method>
  <thread>11</thread>
  <message>Starting Monte Carlo</message>
</record>
<record>
  <date>2013-05-08T01:03:02</date>
  <millis>1368000182335</millis>
  <sequence>15</sequence>
  <logger>game1368000139548</logger>
  <level>INFO</level>
  <class>org.ggp.base.player.gamer.statemachine.PlatypusPlayer.PlatypusPlayer</class>
  <method>stateMachineSelectMove</method>
  <thread>11</thread>
  <message>PAUSING PLATYPUS FOR 11500</message>
</record>
<record>
  <date>2013-05-08T01:03:13</date>
  <millis>1368000193835</millis>
  <sequence>16</sequence>
  <logger>game1368000139548</logger>
  <level>INFO</level>
  <class>players.BryceMonteCarloTreeSearch</class>
  <method>run</method>
  <thread>13</thread>
  <message>move: ( mark 3 3 ) value: 89541.0 visited: 89541</message>
</record>
<record>
  <date>2013-05-08T01:03:13</date>
  <millis>1368000193836</millis>
  <sequence>17</sequence>
  <logger>game1368000139548</logger>
  <level>INFO</level>
  <class>players.BryceMonteCarloTreeSearch</class>
  <method>run</method>
  <thread>13</thread>
  <message>move: ( mark 3 1 ) value: 211.0 visited: 211</message>
</record>
<record>
  <date>2013-05-08T01:03:13</date>
  <millis>1368000193836</millis>
  <sequence>18</sequence>
  <logger>game1368000139548</logger>
  <level>INFO</level>
  <class>players.BryceMonteCarloTreeSearch</class>
  <method>run</method>
  <thread>13</thread>
  <message>move: ( mark 1 3 ) value: 62621.0 visited: 62621</message>
</record>
<record>
  <date>2013-05-08T01:03:13</date>
  <millis>1368000193837</millis>
  <sequence>19</sequence>
  <logger>game1368000139548</logger>
  <level>INFO</level>
  <class>players.BryceMonteCarloTreeSearch</class>
  <method>run</method>
  <thread>13</thread>
  <message>move: ( mark 2 3 ) value: 329.0 visited: 329</message>
</record>
<record>
  <date>2013-05-08T01:03:13</date>
  <millis>1368000193837</millis>
  <sequence>20</sequence>
  <logger>game1368000139548</logger>
  <level>INFO</level>
  <class>players.BryceMonteCarloTreeSearch</class>
  <method>run</method>
  <thread>13</thread>
  <message>move: ( mark 1 1 ) value: 57378.0 visited: 57378</message>
</record>
<record>
  <date>2013-05-08T01:03:13</date>
  <millis>1368000193837</millis>
  <sequence>21</sequence>
  <logger>game1368000139548</logger>
  <level>INFO</level>
  <class>players.BryceMonteCarloTreeSearch</class>
  <method>run</method>
  <thread>13</thread>
  <message>move: ( mark 2 1 ) value: 113.0 visited: 113</message>
</record>
<record>
  <date>2013-05-08T01:03:13</date>
  <millis>1368000193838</millis>
  <sequence>22</sequence>
  <logger>game1368000139548</logger>
  <level>INFO</level>
  <class>players.BryceMonteCarloTreeSearch</class>
  <method>run</method>
  <thread>13</thread>
  <message>move: ( mark 3 2 ) value: 33.0 visited: 33</message>
</record>
<record>
  <date>2013-05-08T01:03:13</date>
  <millis>1368000193935</millis>
  <sequence>23</sequence>
  <logger>game1368000139548</logger>
  <level>INFO</level>
  <class>org.ggp.base.player.gamer.statemachine.PlatypusPlayer.PlatypusPlayer</class>
  <method>stateMachineSelectMove</method>
  <thread>11</thread>
  <message>--------Best Move after Monte Carlo--------</message>
</record>
<record>
  <date>2013-05-08T01:03:13</date>
  <millis>1368000193936</millis>
  <sequence>24</sequence>
  <logger>game1368000139548</logger>
  <level>INFO</level>
  <class>org.ggp.base.player.gamer.statemachine.PlatypusPlayer.PlatypusPlayer</class>
  <method>stateMachineSelectMove</method>
  <thread>11</thread>
  <message>best move: ( mark 3 3 )</message>
</record>
<record>
  <date>2013-05-08T01:03:13</date>
  <millis>1368000193963</millis>
  <sequence>25</sequence>
  <logger>game1368000139548</logger>
  <level>INFO</level>
  <class>org.ggp.base.player.gamer.statemachine.PlatypusPlayer.PlatypusPlayer</class>
  <method>stateMachineSelectMove</method>
  <thread>11</thread>
  <message>Starting Monte Carlo</message>
</record>
<record>
  <date>2013-05-08T01:03:13</date>
  <millis>1368000193963</millis>
  <sequence>26</sequence>
  <logger>game1368000139548</logger>
  <level>INFO</level>
  <class>org.ggp.base.player.gamer.statemachine.PlatypusPlayer.PlatypusPlayer</class>
  <method>stateMachineSelectMove</method>
  <thread>11</thread>
  <message>PAUSING PLATYPUS FOR 11500</message>
</record>
<record>
  <date>2013-05-08T01:03:25</date>
  <millis>1368000205464</millis>
  <sequence>27</sequence>
  <logger>game1368000139548</logger>
  <level>INFO</level>
  <class>players.BryceMonteCarloTreeSearch</class>
  <method>run</method>
  <thread>14</thread>
  <message>move: ( mark 3 1 ) value: 55062.0 visited: 55062</message>
</record>
<record>
  <date>2013-05-08T01:03:25</date>
  <millis>1368000205465</millis>
  <sequence>28</sequence>
  <logger>game1368000139548</logger>
  <level>INFO</level>
  <class>players.BryceMonteCarloTreeSearch</class>
  <method>run</method>
  <thread>14</thread>
  <message>move: ( mark 1 3 ) value: 52545.0 visited: 52545</message>
</record>
<record>
  <date>2013-05-08T01:03:25</date>
  <millis>1368000205465</millis>
  <sequence>29</sequence>
  <logger>game1368000139548</logger>
  <level>INFO</level>
  <class>players.BryceMonteCarloTreeSearch</class>
  <method>run</method>
  <thread>14</thread>
  <message>move: ( mark 1 1 ) value: 57250.0 visited: 57250</message>
</record>
<record>
  <date>2013-05-08T01:03:25</date>
  <millis>1368000205465</millis>
  <sequence>30</sequence>
  <logger>game1368000139548</logger>
  <level>INFO</level>
  <class>players.BryceMonteCarloTreeSearch</class>
  <method>run</method>
  <thread>14</thread>
  <message>move: ( mark 2 1 ) value: 49523.0 visited: 49523</message>
</record>
<record>
  <date>2013-05-08T01:03:25</date>
  <millis>1368000205466</millis>
  <sequence>31</sequence>
  <logger>game1368000139548</logger>
  <level>INFO</level>
  <class>players.BryceMonteCarloTreeSearch</class>
  <method>run</method>
  <thread>14</thread>
  <message>move: ( mark 3 2 ) value: 51447.0 visited: 51447</message>
</record>
<record>
  <date>2013-05-08T01:03:25</date>
  <millis>1368000205564</millis>
  <sequence>32</sequence>
  <logger>game1368000139548</logger>
  <level>INFO</level>
  <class>org.ggp.base.player.gamer.statemachine.PlatypusPlayer.PlatypusPlayer</class>
  <method>stateMachineSelectMove</method>
  <thread>11</thread>
  <message>--------Best Move after Monte Carlo--------</message>
</record>
<record>
  <date>2013-05-08T01:03:25</date>
  <millis>1368000205564</millis>
  <sequence>33</sequence>
  <logger>game1368000139548</logger>
  <level>INFO</level>
  <class>org.ggp.base.player.gamer.statemachine.PlatypusPlayer.PlatypusPlayer</class>
  <method>stateMachineSelectMove</method>
  <thread>11</thread>
  <message>best move: ( mark 1 1 )</message>
</record>
</log>
