<?xml version="1.0" encoding="UTF-8" standalone="no"?>
<!DOCTYPE log SYSTEM "logger.dtd">
<log>
<record>
  <date>2013-05-07T22:46:42</date>
  <millis>1367992002401</millis>
  <sequence>0</sequence>
  <logger>game1367992002397</logger>
  <level>INFO</level>
  <class>platypus.logging.PlatypusLogger</class>
  <method>getLogger</method>
  <thread>10</thread>
  <message>Added FileHandler to Logger</message>
</record>
<record>
  <date>2013-05-07T22:47:14</date>
  <millis>1367992034316</millis>
  <sequence>1</sequence>
  <logger>game1367992002397</logger>
  <level>INFO</level>
  <class>org.ggp.base.player.gamer.statemachine.PlatypusPlayer.PlatypusPlayer</class>
  <method>stateMachineSelectMove</method>
  <thread>11</thread>
  <message>--------Best Move after Minimiax--------</message>
</record>
<record>
  <date>2013-05-07T22:47:14</date>
  <millis>1367992034317</millis>
  <sequence>2</sequence>
  <logger>game1367992002397</logger>
  <level>INFO</level>
  <class>org.ggp.base.player.gamer.statemachine.PlatypusPlayer.PlatypusPlayer</class>
  <method>stateMachineSelectMove</method>
  <thread>11</thread>
  <message>Sure move is ( mark 3 3 )</message>
</record>
<record>
  <date>2013-05-07T22:47:14</date>
  <millis>1367992034317</millis>
  <sequence>3</sequence>
  <logger>game1367992002397</logger>
  <level>INFO</level>
  <class>org.ggp.base.player.gamer.statemachine.PlatypusPlayer.PlatypusPlayer</class>
  <method>stateMachineSelectMove</method>
  <thread>11</thread>
  <message>with the sure score of 0.0</message>
</record>
<record>
  <date>2013-05-07T22:47:14</date>
  <millis>1367992034317</millis>
  <sequence>4</sequence>
  <logger>game1367992002397</logger>
  <level>INFO</level>
  <class>org.ggp.base.player.gamer.statemachine.PlatypusPlayer.PlatypusPlayer</class>
  <method>stateMachineSelectMove</method>
  <thread>11</thread>
  <message>Game solved!</message>
</record>
<record>
  <date>2013-05-07T22:47:14</date>
  <millis>1367992034317</millis>
  <sequence>5</sequence>
  <logger>game1367992002397</logger>
  <level>INFO</level>
  <class>org.ggp.base.player.gamer.statemachine.PlatypusPlayer.PlatypusPlayer</class>
  <method>stateMachineSelectMove</method>
  <thread>11</thread>
  <message>Choosing move ( mark 3 3 ) after minimax preliminary search</message>
</record>
<record>
  <date>2013-05-07T22:47:16</date>
  <millis>1367992036849</millis>
  <sequence>6</sequence>
  <logger>game1367992002397</logger>
  <level>INFO</level>
  <class>org.ggp.base.player.gamer.statemachine.PlatypusPlayer.PlatypusPlayer</class>
  <method>stateMachineSelectMove</method>
  <thread>11</thread>
  <message>--------Best Move after Minimiax--------</message>
</record>
<record>
  <date>2013-05-07T22:47:16</date>
  <millis>1367992036849</millis>
  <sequence>7</sequence>
  <logger>game1367992002397</logger>
  <level>INFO</level>
  <class>org.ggp.base.player.gamer.statemachine.PlatypusPlayer.PlatypusPlayer</class>
  <method>stateMachineSelectMove</method>
  <thread>11</thread>
  <message>Sure move is ( mark 3 3 )</message>
</record>
<record>
  <date>2013-05-07T22:47:16</date>
  <millis>1367992036850</millis>
  <sequence>8</sequence>
  <logger>game1367992002397</logger>
  <level>INFO</level>
  <class>org.ggp.base.player.gamer.statemachine.PlatypusPlayer.PlatypusPlayer</class>
  <method>stateMachineSelectMove</method>
  <thread>11</thread>
  <message>with the sure score of 0.0</message>
</record>
<record>
  <date>2013-05-07T22:47:16</date>
  <millis>1367992036850</millis>
  <sequence>9</sequence>
  <logger>game1367992002397</logger>
  <level>INFO</level>
  <class>org.ggp.base.player.gamer.statemachine.PlatypusPlayer.PlatypusPlayer</class>
  <method>stateMachineSelectMove</method>
  <thread>11</thread>
  <message>Game solved!</message>
</record>
<record>
  <date>2013-05-07T22:47:16</date>
  <millis>1367992036850</millis>
  <sequence>10</sequence>
  <logger>game1367992002397</logger>
  <level>INFO</level>
  <class>org.ggp.base.player.gamer.statemachine.PlatypusPlayer.PlatypusPlayer</class>
  <method>stateMachineSelectMove</method>
  <thread>11</thread>
  <message>Choosing move ( mark 3 3 ) after minimax preliminary search</message>
</record>
<record>
  <date>2013-05-07T22:47:19</date>
  <millis>1367992039383</millis>
  <sequence>11</sequence>
  <logger>game1367992002397</logger>
  <level>INFO</level>
  <class>org.ggp.base.player.gamer.statemachine.PlatypusPlayer.PlatypusPlayer</class>
  <method>stateMachineSelectMove</method>
  <thread>11</thread>
  <message>--------Best Move after Minimiax--------</message>
</record>
<record>
  <date>2013-05-07T22:47:19</date>
  <millis>1367992039384</millis>
  <sequence>12</sequence>
  <logger>game1367992002397</logger>
  <level>INFO</level>
  <class>org.ggp.base.player.gamer.statemachine.PlatypusPlayer.PlatypusPlayer</class>
  <method>stateMachineSelectMove</method>
  <thread>11</thread>
  <message>Sure move is ( mark 3 3 )</message>
</record>
<record>
  <date>2013-05-07T22:47:19</date>
  <millis>1367992039384</millis>
  <sequence>13</sequence>
  <logger>game1367992002397</logger>
  <level>INFO</level>
  <class>org.ggp.base.player.gamer.statemachine.PlatypusPlayer.PlatypusPlayer</class>
  <method>stateMachineSelectMove</method>
  <thread>11</thread>
  <message>with the sure score of 0.0</message>
</record>
<record>
  <date>2013-05-07T22:47:19</date>
  <millis>1367992039385</millis>
  <sequence>14</sequence>
  <logger>game1367992002397</logger>
  <level>INFO</level>
  <class>org.ggp.base.player.gamer.statemachine.PlatypusPlayer.PlatypusPlayer</class>
  <method>stateMachineSelectMove</method>
  <thread>11</thread>
  <message>Game solved!</message>
</record>
<record>
  <date>2013-05-07T22:47:19</date>
  <millis>1367992039385</millis>
  <sequence>15</sequence>
  <logger>game1367992002397</logger>
  <level>INFO</level>
  <class>org.ggp.base.player.gamer.statemachine.PlatypusPlayer.PlatypusPlayer</class>
  <method>stateMachineSelectMove</method>
  <thread>11</thread>
  <message>Choosing move ( mark 3 3 ) after minimax preliminary search</message>
</record>
<record>
  <date>2013-05-07T22:47:21</date>
  <millis>1367992041921</millis>
  <sequence>16</sequence>
  <logger>game1367992002397</logger>
  <level>INFO</level>
  <class>org.ggp.base.player.gamer.statemachine.PlatypusPlayer.PlatypusPlayer</class>
  <method>stateMachineSelectMove</method>
  <thread>11</thread>
  <message>--------Best Move after Minimiax--------</message>
</record>
<record>
  <date>2013-05-07T22:47:21</date>
  <millis>1367992041922</millis>
  <sequence>17</sequence>
  <logger>game1367992002397</logger>
  <level>INFO</level>
  <class>org.ggp.base.player.gamer.statemachine.PlatypusPlayer.PlatypusPlayer</class>
  <method>stateMachineSelectMove</method>
  <thread>11</thread>
  <message>Sure move is ( mark 3 3 )</message>
</record>
<record>
  <date>2013-05-07T22:47:21</date>
  <millis>1367992041922</millis>
  <sequence>18</sequence>
  <logger>game1367992002397</logger>
  <level>INFO</level>
  <class>org.ggp.base.player.gamer.statemachine.PlatypusPlayer.PlatypusPlayer</class>
  <method>stateMachineSelectMove</method>
  <thread>11</thread>
  <message>with the sure score of 0.0</message>
</record>
<record>
  <date>2013-05-07T22:47:21</date>
  <millis>1367992041923</millis>
  <sequence>19</sequence>
  <logger>game1367992002397</logger>
  <level>INFO</level>
  <class>org.ggp.base.player.gamer.statemachine.PlatypusPlayer.PlatypusPlayer</class>
  <method>stateMachineSelectMove</method>
  <thread>11</thread>
  <message>Game solved!</message>
</record>
<record>
  <date>2013-05-07T22:47:21</date>
  <millis>1367992041923</millis>
  <sequence>20</sequence>
  <logger>game1367992002397</logger>
  <level>INFO</level>
  <class>org.ggp.base.player.gamer.statemachine.PlatypusPlayer.PlatypusPlayer</class>
  <method>stateMachineSelectMove</method>
  <thread>11</thread>
  <message>Choosing move ( mark 3 3 ) after minimax preliminary search</message>
</record>
<record>
  <date>2013-05-07T22:47:24</date>
  <millis>1367992044454</millis>
  <sequence>21</sequence>
  <logger>game1367992002397</logger>
  <level>INFO</level>
  <class>org.ggp.base.player.gamer.statemachine.PlatypusPlayer.PlatypusPlayer</class>
  <method>stateMachineSelectMove</method>
  <thread>11</thread>
  <message>--------Best Move after Minimiax--------</message>
</record>
<record>
  <date>2013-05-07T22:47:24</date>
  <millis>1367992044455</millis>
  <sequence>22</sequence>
  <logger>game1367992002397</logger>
  <level>INFO</level>
  <class>org.ggp.base.player.gamer.statemachine.PlatypusPlayer.PlatypusPlayer</class>
  <method>stateMachineSelectMove</method>
  <thread>11</thread>
  <message>Sure move is ( mark 3 3 )</message>
</record>
<record>
  <date>2013-05-07T22:47:24</date>
  <millis>1367992044455</millis>
  <sequence>23</sequence>
  <logger>game1367992002397</logger>
  <level>INFO</level>
  <class>org.ggp.base.player.gamer.statemachine.PlatypusPlayer.PlatypusPlayer</class>
  <method>stateMachineSelectMove</method>
  <thread>11</thread>
  <message>with the sure score of 0.0</message>
</record>
<record>
  <date>2013-05-07T22:47:24</date>
  <millis>1367992044456</millis>
  <sequence>24</sequence>
  <logger>game1367992002397</logger>
  <level>INFO</level>
  <class>org.ggp.base.player.gamer.statemachine.PlatypusPlayer.PlatypusPlayer</class>
  <method>stateMachineSelectMove</method>
  <thread>11</thread>
  <message>Game solved!</message>
</record>
<record>
  <date>2013-05-07T22:47:24</date>
  <millis>1367992044456</millis>
  <sequence>25</sequence>
  <logger>game1367992002397</logger>
  <level>INFO</level>
  <class>org.ggp.base.player.gamer.statemachine.PlatypusPlayer.PlatypusPlayer</class>
  <method>stateMachineSelectMove</method>
  <thread>11</thread>
  <message>Choosing move ( mark 3 3 ) after minimax preliminary search</message>
</record>
<record>
  <date>2013-05-07T22:47:26</date>
  <millis>1367992046976</millis>
  <sequence>26</sequence>
  <logger>game1367992002397</logger>
  <level>INFO</level>
  <class>org.ggp.base.player.gamer.statemachine.PlatypusPlayer.PlatypusPlayer</class>
  <method>stateMachineSelectMove</method>
  <thread>11</thread>
  <message>--------Best Move after Minimiax--------</message>
</record>
<record>
  <date>2013-05-07T22:47:26</date>
  <millis>1367992046976</millis>
  <sequence>27</sequence>
  <logger>game1367992002397</logger>
  <level>INFO</level>
  <class>org.ggp.base.player.gamer.statemachine.PlatypusPlayer.PlatypusPlayer</class>
  <method>stateMachineSelectMove</method>
  <thread>11</thread>
  <message>Sure move is ( mark 3 3 )</message>
</record>
<record>
  <date>2013-05-07T22:47:26</date>
  <millis>1367992046976</millis>
  <sequence>28</sequence>
  <logger>game1367992002397</logger>
  <level>INFO</level>
  <class>org.ggp.base.player.gamer.statemachine.PlatypusPlayer.PlatypusPlayer</class>
  <method>stateMachineSelectMove</method>
  <thread>11</thread>
  <message>with the sure score of 0.0</message>
</record>
<record>
  <date>2013-05-07T22:47:26</date>
  <millis>1367992046977</millis>
  <sequence>29</sequence>
  <logger>game1367992002397</logger>
  <level>INFO</level>
  <class>org.ggp.base.player.gamer.statemachine.PlatypusPlayer.PlatypusPlayer</class>
  <method>stateMachineSelectMove</method>
  <thread>11</thread>
  <message>Game solved!</message>
</record>
<record>
  <date>2013-05-07T22:47:26</date>
  <millis>1367992046977</millis>
  <sequence>30</sequence>
  <logger>game1367992002397</logger>
  <level>INFO</level>
  <class>org.ggp.base.player.gamer.statemachine.PlatypusPlayer.PlatypusPlayer</class>
  <method>stateMachineSelectMove</method>
  <thread>11</thread>
  <message>Choosing move ( mark 3 3 ) after minimax preliminary search</message>
</record>
<record>
  <date>2013-05-07T23:15:38</date>
  <millis>1367993738778</millis>
  <sequence>31</sequence>
  <logger>game1367992002397</logger>
  <level>INFO</level>
  <class>org.ggp.base.player.gamer.statemachine.PlatypusPlayer.PlatypusPlayer</class>
  <method>stateMachineSelectMove</method>
  <thread>11</thread>
  <message>--------Best Move after Minimiax--------</message>
</record>
<record>
  <date>2013-05-07T23:15:38</date>
  <millis>1367993738778</millis>
  <sequence>32</sequence>
  <logger>game1367992002397</logger>
  <level>INFO</level>
  <class>org.ggp.base.player.gamer.statemachine.PlatypusPlayer.PlatypusPlayer</class>
  <method>stateMachineSelectMove</method>
  <thread>11</thread>
  <message>Sure move is ( mark 1 3 )</message>
</record>
<record>
  <date>2013-05-07T23:15:38</date>
  <millis>1367993738779</millis>
  <sequence>33</sequence>
  <logger>game1367992002397</logger>
  <level>INFO</level>
  <class>org.ggp.base.player.gamer.statemachine.PlatypusPlayer.PlatypusPlayer</class>
  <method>stateMachineSelectMove</method>
  <thread>11</thread>
  <message>with the sure score of 0.0</message>
</record>
<record>
  <date>2013-05-07T23:15:38</date>
  <millis>1367993738779</millis>
  <sequence>34</sequence>
  <logger>game1367992002397</logger>
  <level>INFO</level>
  <class>org.ggp.base.player.gamer.statemachine.PlatypusPlayer.PlatypusPlayer</class>
  <method>stateMachineSelectMove</method>
  <thread>11</thread>
  <message>Game solved!</message>
</record>
<record>
  <date>2013-05-07T23:15:38</date>
  <millis>1367993738779</millis>
  <sequence>35</sequence>
  <logger>game1367992002397</logger>
  <level>INFO</level>
  <class>org.ggp.base.player.gamer.statemachine.PlatypusPlayer.PlatypusPlayer</class>
  <method>stateMachineSelectMove</method>
  <thread>11</thread>
  <message>Choosing move ( mark 1 3 ) after minimax preliminary search</message>
</record>
<record>
  <date>2013-05-07T23:15:53</date>
  <millis>1367993753295</millis>
  <sequence>36</sequence>
  <logger>game1367992002397</logger>
  <level>INFO</level>
  <class>org.ggp.base.player.gamer.statemachine.PlatypusPlayer.PlatypusPlayer</class>
  <method>stateMachineSelectMove</method>
  <thread>11</thread>
  <message>--------Best Move after Minimiax--------</message>
</record>
<record>
  <date>2013-05-07T23:15:53</date>
  <millis>1367993753296</millis>
  <sequence>37</sequence>
  <logger>game1367992002397</logger>
  <level>INFO</level>
  <class>org.ggp.base.player.gamer.statemachine.PlatypusPlayer.PlatypusPlayer</class>
  <method>stateMachineSelectMove</method>
  <thread>11</thread>
  <message>Sure move is ( mark 1 3 )</message>
</record>
<record>
  <date>2013-05-07T23:15:53</date>
  <millis>1367993753296</millis>
  <sequence>38</sequence>
  <logger>game1367992002397</logger>
  <level>INFO</level>
  <class>org.ggp.base.player.gamer.statemachine.PlatypusPlayer.PlatypusPlayer</class>
  <method>stateMachineSelectMove</method>
  <thread>11</thread>
  <message>with the sure score of 0.0</message>
</record>
<record>
  <date>2013-05-07T23:15:53</date>
  <millis>1367993753297</millis>
  <sequence>39</sequence>
  <logger>game1367992002397</logger>
  <level>INFO</level>
  <class>org.ggp.base.player.gamer.statemachine.PlatypusPlayer.PlatypusPlayer</class>
  <method>stateMachineSelectMove</method>
  <thread>11</thread>
  <message>Game solved!</message>
</record>
<record>
  <date>2013-05-07T23:15:53</date>
  <millis>1367993753297</millis>
  <sequence>40</sequence>
  <logger>game1367992002397</logger>
  <level>INFO</level>
  <class>org.ggp.base.player.gamer.statemachine.PlatypusPlayer.PlatypusPlayer</class>
  <method>stateMachineSelectMove</method>
  <thread>11</thread>
  <message>Choosing move ( mark 1 3 ) after minimax preliminary search</message>
</record>
<record>
  <date>2013-05-07T23:16:07</date>
  <millis>1367993767813</millis>
  <sequence>41</sequence>
  <logger>game1367992002397</logger>
  <level>INFO</level>
  <class>org.ggp.base.player.gamer.statemachine.PlatypusPlayer.PlatypusPlayer</class>
  <method>stateMachineSelectMove</method>
  <thread>11</thread>
  <message>--------Best Move after Minimiax--------</message>
</record>
<record>
  <date>2013-05-07T23:16:07</date>
  <millis>1367993767814</millis>
  <sequence>42</sequence>
  <logger>game1367992002397</logger>
  <level>INFO</level>
  <class>org.ggp.base.player.gamer.statemachine.PlatypusPlayer.PlatypusPlayer</class>
  <method>stateMachineSelectMove</method>
  <thread>11</thread>
  <message>Sure move is ( mark 1 3 )</message>
</record>
<record>
  <date>2013-05-07T23:16:07</date>
  <millis>1367993767814</millis>
  <sequence>43</sequence>
  <logger>game1367992002397</logger>
  <level>INFO</level>
  <class>org.ggp.base.player.gamer.statemachine.PlatypusPlayer.PlatypusPlayer</class>
  <method>stateMachineSelectMove</method>
  <thread>11</thread>
  <message>with the sure score of 0.0</message>
</record>
<record>
  <date>2013-05-07T23:16:07</date>
  <millis>1367993767814</millis>
  <sequence>44</sequence>
  <logger>game1367992002397</logger>
  <level>INFO</level>
  <class>org.ggp.base.player.gamer.statemachine.PlatypusPlayer.PlatypusPlayer</class>
  <method>stateMachineSelectMove</method>
  <thread>11</thread>
  <message>Game solved!</message>
</record>
<record>
  <date>2013-05-07T23:16:07</date>
  <millis>1367993767815</millis>
  <sequence>45</sequence>
  <logger>game1367992002397</logger>
  <level>INFO</level>
  <class>org.ggp.base.player.gamer.statemachine.PlatypusPlayer.PlatypusPlayer</class>
  <method>stateMachineSelectMove</method>
  <thread>11</thread>
  <message>Choosing move ( mark 1 3 ) after minimax preliminary search</message>
</record>
<record>
  <date>2013-05-07T23:16:22</date>
  <millis>1367993782335</millis>
  <sequence>46</sequence>
  <logger>game1367992002397</logger>
  <level>INFO</level>
  <class>org.ggp.base.player.gamer.statemachine.PlatypusPlayer.PlatypusPlayer</class>
  <method>stateMachineSelectMove</method>
  <thread>11</thread>
  <message>--------Best Move after Minimiax--------</message>
</record>
<record>
  <date>2013-05-07T23:16:22</date>
  <millis>1367993782336</millis>
  <sequence>47</sequence>
  <logger>game1367992002397</logger>
  <level>INFO</level>
  <class>org.ggp.base.player.gamer.statemachine.PlatypusPlayer.PlatypusPlayer</class>
  <method>stateMachineSelectMove</method>
  <thread>11</thread>
  <message>Sure move is ( mark 1 3 )</message>
</record>
<record>
  <date>2013-05-07T23:16:22</date>
  <millis>1367993782336</millis>
  <sequence>48</sequence>
  <logger>game1367992002397</logger>
  <level>INFO</level>
  <class>org.ggp.base.player.gamer.statemachine.PlatypusPlayer.PlatypusPlayer</class>
  <method>stateMachineSelectMove</method>
  <thread>11</thread>
  <message>with the sure score of 0.0</message>
</record>
<record>
  <date>2013-05-07T23:16:22</date>
  <millis>1367993782337</millis>
  <sequence>49</sequence>
  <logger>game1367992002397</logger>
  <level>INFO</level>
  <class>org.ggp.base.player.gamer.statemachine.PlatypusPlayer.PlatypusPlayer</class>
  <method>stateMachineSelectMove</method>
  <thread>11</thread>
  <message>Game solved!</message>
</record>
<record>
  <date>2013-05-07T23:16:22</date>
  <millis>1367993782337</millis>
  <sequence>50</sequence>
  <logger>game1367992002397</logger>
  <level>INFO</level>
  <class>org.ggp.base.player.gamer.statemachine.PlatypusPlayer.PlatypusPlayer</class>
  <method>stateMachineSelectMove</method>
  <thread>11</thread>
  <message>Choosing move ( mark 1 3 ) after minimax preliminary search</message>
</record>
<record>
  <date>2013-05-07T23:16:36</date>
  <millis>1367993796862</millis>
  <sequence>51</sequence>
  <logger>game1367992002397</logger>
  <level>INFO</level>
  <class>org.ggp.base.player.gamer.statemachine.PlatypusPlayer.PlatypusPlayer</class>
  <method>stateMachineSelectMove</method>
  <thread>11</thread>
  <message>--------Best Move after Minimiax--------</message>
</record>
<record>
  <date>2013-05-07T23:16:36</date>
  <millis>1367993796862</millis>
  <sequence>52</sequence>
  <logger>game1367992002397</logger>
  <level>INFO</level>
  <class>org.ggp.base.player.gamer.statemachine.PlatypusPlayer.PlatypusPlayer</class>
  <method>stateMachineSelectMove</method>
  <thread>11</thread>
  <message>Sure move is ( mark 1 3 )</message>
</record>
<record>
  <date>2013-05-07T23:16:36</date>
  <millis>1367993796863</millis>
  <sequence>53</sequence>
  <logger>game1367992002397</logger>
  <level>INFO</level>
  <class>org.ggp.base.player.gamer.statemachine.PlatypusPlayer.PlatypusPlayer</class>
  <method>stateMachineSelectMove</method>
  <thread>11</thread>
  <message>with the sure score of 0.0</message>
</record>
<record>
  <date>2013-05-07T23:16:36</date>
  <millis>1367993796863</millis>
  <sequence>54</sequence>
  <logger>game1367992002397</logger>
  <level>INFO</level>
  <class>org.ggp.base.player.gamer.statemachine.PlatypusPlayer.PlatypusPlayer</class>
  <method>stateMachineSelectMove</method>
  <thread>11</thread>
  <message>Game solved!</message>
</record>
<record>
  <date>2013-05-07T23:16:36</date>
  <millis>1367993796863</millis>
  <sequence>55</sequence>
  <logger>game1367992002397</logger>
  <level>INFO</level>
  <class>org.ggp.base.player.gamer.statemachine.PlatypusPlayer.PlatypusPlayer</class>
  <method>stateMachineSelectMove</method>
  <thread>11</thread>
  <message>Choosing move ( mark 1 3 ) after minimax preliminary search</message>
</record>
</log>
