<?xml version="1.0" encoding="UTF-8" standalone="no"?>
<!DOCTYPE log SYSTEM "logger.dtd">
<log>
<record>
  <date>2013-05-07T23:38:40</date>
  <millis>1367995120842</millis>
  <sequence>0</sequence>
  <logger>game1367995120839</logger>
  <level>INFO</level>
  <class>platypus.logging.PlatypusLogger</class>
  <method>getLogger</method>
  <thread>10</thread>
  <message>Added FileHandler to Logger</message>
</record>
<record>
  <date>2013-05-07T23:39:03</date>
  <millis>1367995143536</millis>
  <sequence>1</sequence>
  <logger>game1367995120839</logger>
  <level>INFO</level>
  <class>org.ggp.base.player.gamer.statemachine.PlatypusPlayer.PlatypusPlayer</class>
  <method>stateMachineSelectMove</method>
  <thread>11</thread>
  <message>--------Best Move after Minimiax--------</message>
</record>
<record>
  <date>2013-05-07T23:39:03</date>
  <millis>1367995143537</millis>
  <sequence>2</sequence>
  <logger>game1367995120839</logger>
  <level>INFO</level>
  <class>org.ggp.base.player.gamer.statemachine.PlatypusPlayer.PlatypusPlayer</class>
  <method>stateMachineSelectMove</method>
  <thread>11</thread>
  <message>Sure move is ( mark 2 3 )</message>
</record>
<record>
  <date>2013-05-07T23:39:03</date>
  <millis>1367995143537</millis>
  <sequence>3</sequence>
  <logger>game1367995120839</logger>
  <level>INFO</level>
  <class>org.ggp.base.player.gamer.statemachine.PlatypusPlayer.PlatypusPlayer</class>
  <method>stateMachineSelectMove</method>
  <thread>11</thread>
  <message>with the sure score of 0.0</message>
</record>
<record>
  <date>2013-05-07T23:39:03</date>
  <millis>1367995143537</millis>
  <sequence>4</sequence>
  <logger>game1367995120839</logger>
  <level>INFO</level>
  <class>org.ggp.base.player.gamer.statemachine.PlatypusPlayer.PlatypusPlayer</class>
  <method>stateMachineSelectMove</method>
  <thread>11</thread>
  <message>Starting Monte Carlo</message>
</record>
<record>
  <date>2013-05-07T23:39:03</date>
  <millis>1367995143538</millis>
  <sequence>5</sequence>
  <logger>game1367995120839</logger>
  <level>INFO</level>
  <class>org.ggp.base.player.gamer.statemachine.PlatypusPlayer.PlatypusPlayer</class>
  <method>stateMachineSelectMove</method>
  <thread>11</thread>
  <message>PAUSING PLATYPUS FOR 12400</message>
</record>
<record>
  <date>2013-05-07T23:39:06</date>
  <millis>1367995146904</millis>
  <sequence>6</sequence>
  <logger>game1367995120839</logger>
  <level>WARNING</level>
  <class>players.BryceMonteCarloTreeSearch</class>
  <method>expand</method>
  <thread>12</thread>
  <message>Only Guaranteed Losses Found: [( true ( control oplayer ) ), ( true ( cell 3 1 o ) ), ( true ( cell 2 2 x ) ), ( true ( cell 2 1 x ) ), ( true ( cell 1 1 x ) ), ( true ( cell 2 3 b ) ), ( true ( cell 3 2 b ) ), ( true ( cell 1 3 o ) ), ( true ( cell 3 3 o ) ), ( true ( cell 1 2 x ) )]</message>
</record>
<record>
  <date>2013-05-07T23:39:06</date>
  <millis>1367995146948</millis>
  <sequence>7</sequence>
  <logger>game1367995120839</logger>
  <level>WARNING</level>
  <class>players.BryceMonteCarloTreeSearch</class>
  <method>expand</method>
  <thread>12</thread>
  <message>Only Guaranteed Losses Found: [( true ( cell 3 1 b ) ), ( true ( control oplayer ) ), ( true ( cell 2 2 x ) ), ( true ( cell 2 1 x ) ), ( true ( cell 1 1 x ) ), ( true ( cell 2 3 b ) ), ( true ( cell 1 3 o ) ), ( true ( cell 3 2 o ) ), ( true ( cell 3 3 o ) ), ( true ( cell 1 2 x ) )]</message>
</record>
<record>
  <date>2013-05-07T23:39:06</date>
  <millis>1367995146949</millis>
  <sequence>8</sequence>
  <logger>game1367995120839</logger>
  <level>WARNING</level>
  <class>players.BryceMonteCarloTreeSearch</class>
  <method>expand</method>
  <thread>12</thread>
  <message>Only Guaranteed Losses Found: [( true ( control oplayer ) ), ( true ( cell 3 1 o ) ), ( true ( cell 2 2 x ) ), ( true ( cell 2 1 x ) ), ( true ( cell 1 1 x ) ), ( true ( cell 2 3 b ) ), ( true ( cell 3 2 b ) ), ( true ( cell 1 3 o ) ), ( true ( cell 3 3 o ) ), ( true ( cell 1 2 x ) )]</message>
</record>
<record>
  <date>2013-05-07T23:39:16</date>
  <millis>1367995156938</millis>
  <sequence>9</sequence>
  <logger>game1367995120839</logger>
  <level>INFO</level>
  <class>org.ggp.base.player.gamer.statemachine.PlatypusPlayer.PlatypusPlayer</class>
  <method>stateMachineSelectMove</method>
  <thread>11</thread>
  <message>--------Best Move after Monte Carlo--------</message>
</record>
<record>
  <date>2013-05-07T23:39:16</date>
  <millis>1367995156939</millis>
  <sequence>10</sequence>
  <logger>game1367995120839</logger>
  <level>INFO</level>
  <class>org.ggp.base.player.gamer.statemachine.PlatypusPlayer.PlatypusPlayer</class>
  <method>stateMachineSelectMove</method>
  <thread>11</thread>
  <message>CHOSE RANDOM</message>
</record>
<record>
  <date>2013-05-07T23:39:16</date>
  <millis>1367995156939</millis>
  <sequence>11</sequence>
  <logger>game1367995120839</logger>
  <level>INFO</level>
  <class>org.ggp.base.player.gamer.statemachine.PlatypusPlayer.PlatypusPlayer</class>
  <method>stateMachineSelectMove</method>
  <thread>11</thread>
  <message>best move: ( mark 1 2 )</message>
</record>
<record>
  <date>2013-05-07T23:39:19</date>
  <millis>1367995159486</millis>
  <sequence>12</sequence>
  <logger>game1367995120839</logger>
  <level>INFO</level>
  <class>org.ggp.base.player.gamer.statemachine.PlatypusPlayer.PlatypusPlayer</class>
  <method>stateMachineSelectMove</method>
  <thread>11</thread>
  <message>--------Best Move after Minimiax--------</message>
</record>
<record>
  <date>2013-05-07T23:39:19</date>
  <millis>1367995159486</millis>
  <sequence>13</sequence>
  <logger>game1367995120839</logger>
  <level>INFO</level>
  <class>org.ggp.base.player.gamer.statemachine.PlatypusPlayer.PlatypusPlayer</class>
  <method>stateMachineSelectMove</method>
  <thread>11</thread>
  <message>Sure move is ( mark 1 1 )</message>
</record>
<record>
  <date>2013-05-07T23:39:19</date>
  <millis>1367995159487</millis>
  <sequence>14</sequence>
  <logger>game1367995120839</logger>
  <level>INFO</level>
  <class>org.ggp.base.player.gamer.statemachine.PlatypusPlayer.PlatypusPlayer</class>
  <method>stateMachineSelectMove</method>
  <thread>11</thread>
  <message>with the sure score of 0.0</message>
</record>
<record>
  <date>2013-05-07T23:39:19</date>
  <millis>1367995159487</millis>
  <sequence>15</sequence>
  <logger>game1367995120839</logger>
  <level>INFO</level>
  <class>org.ggp.base.player.gamer.statemachine.PlatypusPlayer.PlatypusPlayer</class>
  <method>stateMachineSelectMove</method>
  <thread>11</thread>
  <message>Starting Monte Carlo</message>
</record>
<record>
  <date>2013-05-07T23:39:19</date>
  <millis>1367995159488</millis>
  <sequence>16</sequence>
  <logger>game1367995120839</logger>
  <level>INFO</level>
  <class>org.ggp.base.player.gamer.statemachine.PlatypusPlayer.PlatypusPlayer</class>
  <method>stateMachineSelectMove</method>
  <thread>11</thread>
  <message>PAUSING PLATYPUS FOR 12400</message>
</record>
<record>
  <date>2013-05-07T23:39:19</date>
  <millis>1367995159534</millis>
  <sequence>17</sequence>
  <logger>game1367995120839</logger>
  <level>WARNING</level>
  <class>players.BryceMonteCarloTreeSearch</class>
  <method>expand</method>
  <thread>13</thread>
  <message>Only Guaranteed Losses Found: [( true ( cell 2 2 x ) ), ( true ( cell 3 3 x ) ), ( true ( cell 2 1 o ) ), ( true ( cell 3 2 b ) ), ( true ( cell 2 2 o ) )]</message>
</record>
<record>
  <date>2013-05-07T23:39:32</date>
  <millis>1367995172888</millis>
  <sequence>18</sequence>
  <logger>game1367995120839</logger>
  <level>INFO</level>
  <class>org.ggp.base.player.gamer.statemachine.PlatypusPlayer.PlatypusPlayer</class>
  <method>stateMachineSelectMove</method>
  <thread>11</thread>
  <message>--------Best Move after Monte Carlo--------</message>
</record>
<record>
  <date>2013-05-07T23:39:32</date>
  <millis>1367995172889</millis>
  <sequence>19</sequence>
  <logger>game1367995120839</logger>
  <level>INFO</level>
  <class>org.ggp.base.player.gamer.statemachine.PlatypusPlayer.PlatypusPlayer</class>
  <method>stateMachineSelectMove</method>
  <thread>11</thread>
  <message>CHOSE RANDOM</message>
</record>
<record>
  <date>2013-05-07T23:39:32</date>
  <millis>1367995172890</millis>
  <sequence>20</sequence>
  <logger>game1367995120839</logger>
  <level>INFO</level>
  <class>org.ggp.base.player.gamer.statemachine.PlatypusPlayer.PlatypusPlayer</class>
  <method>stateMachineSelectMove</method>
  <thread>11</thread>
  <message>best move: ( mark 3 3 )</message>
</record>
<record>
  <date>2013-05-07T23:39:35</date>
  <millis>1367995175446</millis>
  <sequence>21</sequence>
  <logger>game1367995120839</logger>
  <level>INFO</level>
  <class>org.ggp.base.player.gamer.statemachine.PlatypusPlayer.PlatypusPlayer</class>
  <method>stateMachineSelectMove</method>
  <thread>11</thread>
  <message>--------Best Move after Minimiax--------</message>
</record>
<record>
  <date>2013-05-07T23:39:35</date>
  <millis>1367995175446</millis>
  <sequence>22</sequence>
  <logger>game1367995120839</logger>
  <level>INFO</level>
  <class>org.ggp.base.player.gamer.statemachine.PlatypusPlayer.PlatypusPlayer</class>
  <method>stateMachineSelectMove</method>
  <thread>11</thread>
  <message>Sure move is ( mark 1 1 )</message>
</record>
<record>
  <date>2013-05-07T23:39:35</date>
  <millis>1367995175447</millis>
  <sequence>23</sequence>
  <logger>game1367995120839</logger>
  <level>INFO</level>
  <class>org.ggp.base.player.gamer.statemachine.PlatypusPlayer.PlatypusPlayer</class>
  <method>stateMachineSelectMove</method>
  <thread>11</thread>
  <message>with the sure score of 0.0</message>
</record>
<record>
  <date>2013-05-07T23:39:35</date>
  <millis>1367995175447</millis>
  <sequence>24</sequence>
  <logger>game1367995120839</logger>
  <level>INFO</level>
  <class>org.ggp.base.player.gamer.statemachine.PlatypusPlayer.PlatypusPlayer</class>
  <method>stateMachineSelectMove</method>
  <thread>11</thread>
  <message>Game solved!</message>
</record>
<record>
  <date>2013-05-07T23:39:35</date>
  <millis>1367995175447</millis>
  <sequence>25</sequence>
  <logger>game1367995120839</logger>
  <level>INFO</level>
  <class>org.ggp.base.player.gamer.statemachine.PlatypusPlayer.PlatypusPlayer</class>
  <method>stateMachineSelectMove</method>
  <thread>11</thread>
  <message>Choosing move ( mark 1 1 ) after minimax preliminary search</message>
</record>
<record>
  <date>2013-05-07T23:39:37</date>
  <millis>1367995177995</millis>
  <sequence>26</sequence>
  <logger>game1367995120839</logger>
  <level>INFO</level>
  <class>org.ggp.base.player.gamer.statemachine.PlatypusPlayer.PlatypusPlayer</class>
  <method>stateMachineSelectMove</method>
  <thread>11</thread>
  <message>--------Best Move after Minimiax--------</message>
</record>
<record>
  <date>2013-05-07T23:39:37</date>
  <millis>1367995177996</millis>
  <sequence>27</sequence>
  <logger>game1367995120839</logger>
  <level>INFO</level>
  <class>org.ggp.base.player.gamer.statemachine.PlatypusPlayer.PlatypusPlayer</class>
  <method>stateMachineSelectMove</method>
  <thread>11</thread>
  <message>Sure move is ( mark 2 2 )</message>
</record>
<record>
  <date>2013-05-07T23:39:37</date>
  <millis>1367995177996</millis>
  <sequence>28</sequence>
  <logger>game1367995120839</logger>
  <level>INFO</level>
  <class>org.ggp.base.player.gamer.statemachine.PlatypusPlayer.PlatypusPlayer</class>
  <method>stateMachineSelectMove</method>
  <thread>11</thread>
  <message>with the sure score of 0.0</message>
</record>
<record>
  <date>2013-05-07T23:39:37</date>
  <millis>1367995177996</millis>
  <sequence>29</sequence>
  <logger>game1367995120839</logger>
  <level>INFO</level>
  <class>org.ggp.base.player.gamer.statemachine.PlatypusPlayer.PlatypusPlayer</class>
  <method>stateMachineSelectMove</method>
  <thread>11</thread>
  <message>Game solved!</message>
</record>
<record>
  <date>2013-05-07T23:39:37</date>
  <millis>1367995177996</millis>
  <sequence>30</sequence>
  <logger>game1367995120839</logger>
  <level>INFO</level>
  <class>org.ggp.base.player.gamer.statemachine.PlatypusPlayer.PlatypusPlayer</class>
  <method>stateMachineSelectMove</method>
  <thread>11</thread>
  <message>Choosing move ( mark 2 2 ) after minimax preliminary search</message>
</record>
</log>
