<?xml version="1.0" encoding="UTF-8" standalone="no"?>
<!DOCTYPE log SYSTEM "logger.dtd">
<log>
<record>
  <date>2013-05-08T00:06:17</date>
  <millis>1367996777361</millis>
  <sequence>0</sequence>
  <logger>game1367996777358</logger>
  <level>INFO</level>
  <class>platypus.logging.PlatypusLogger</class>
  <method>getLogger</method>
  <thread>10</thread>
  <message>Added FileHandler to Logger</message>
</record>
<record>
  <date>2013-05-08T00:06:39</date>
  <millis>1367996799511</millis>
  <sequence>1</sequence>
  <logger>game1367996777358</logger>
  <level>INFO</level>
  <class>org.ggp.base.player.gamer.statemachine.PlatypusPlayer.PlatypusPlayer</class>
  <method>stateMachineSelectMove</method>
  <thread>11</thread>
  <message>--------Best Move after Minimiax--------</message>
</record>
<record>
  <date>2013-05-08T00:06:39</date>
  <millis>1367996799512</millis>
  <sequence>2</sequence>
  <logger>game1367996777358</logger>
  <level>INFO</level>
  <class>org.ggp.base.player.gamer.statemachine.PlatypusPlayer.PlatypusPlayer</class>
  <method>stateMachineSelectMove</method>
  <thread>11</thread>
  <message>Sure move is ( reduce b 2 )</message>
</record>
<record>
  <date>2013-05-08T00:06:39</date>
  <millis>1367996799512</millis>
  <sequence>3</sequence>
  <logger>game1367996777358</logger>
  <level>INFO</level>
  <class>org.ggp.base.player.gamer.statemachine.PlatypusPlayer.PlatypusPlayer</class>
  <method>stateMachineSelectMove</method>
  <thread>11</thread>
  <message>with the sure score of 0.0</message>
</record>
<record>
  <date>2013-05-08T00:06:39</date>
  <millis>1367996799512</millis>
  <sequence>4</sequence>
  <logger>game1367996777358</logger>
  <level>INFO</level>
  <class>org.ggp.base.player.gamer.statemachine.PlatypusPlayer.PlatypusPlayer</class>
  <method>stateMachineSelectMove</method>
  <thread>11</thread>
  <message>Starting Monte Carlo</message>
</record>
<record>
  <date>2013-05-08T00:06:39</date>
  <millis>1367996799512</millis>
  <sequence>5</sequence>
  <logger>game1367996777358</logger>
  <level>INFO</level>
  <class>org.ggp.base.player.gamer.statemachine.PlatypusPlayer.PlatypusPlayer</class>
  <method>stateMachineSelectMove</method>
  <thread>11</thread>
  <message>PAUSING PLATYPUS FOR 12400</message>
</record>
<record>
  <date>2013-05-08T00:06:52</date>
  <millis>1367996812913</millis>
  <sequence>6</sequence>
  <logger>game1367996777358</logger>
  <level>INFO</level>
  <class>org.ggp.base.player.gamer.statemachine.PlatypusPlayer.PlatypusPlayer</class>
  <method>stateMachineSelectMove</method>
  <thread>11</thread>
  <message>--------Best Move after Monte Carlo--------</message>
</record>
<record>
  <date>2013-05-08T00:06:52</date>
  <millis>1367996812913</millis>
  <sequence>7</sequence>
  <logger>game1367996777358</logger>
  <level>INFO</level>
  <class>org.ggp.base.player.gamer.statemachine.PlatypusPlayer.PlatypusPlayer</class>
  <method>stateMachineSelectMove</method>
  <thread>11</thread>
  <message>CHOSE RANDOM</message>
</record>
<record>
  <date>2013-05-08T00:06:52</date>
  <millis>1367996812914</millis>
  <sequence>8</sequence>
  <logger>game1367996777358</logger>
  <level>INFO</level>
  <class>org.ggp.base.player.gamer.statemachine.PlatypusPlayer.PlatypusPlayer</class>
  <method>stateMachineSelectMove</method>
  <thread>11</thread>
  <message>best move: ( reduce c 0 )</message>
</record>
<record>
  <date>2013-05-08T00:06:55</date>
  <millis>1367996815521</millis>
  <sequence>9</sequence>
  <logger>game1367996777358</logger>
  <level>INFO</level>
  <class>org.ggp.base.player.gamer.statemachine.PlatypusPlayer.PlatypusPlayer</class>
  <method>stateMachineSelectMove</method>
  <thread>11</thread>
  <message>--------Best Move after Minimiax--------</message>
</record>
<record>
  <date>2013-05-08T00:06:55</date>
  <millis>1367996815521</millis>
  <sequence>10</sequence>
  <logger>game1367996777358</logger>
  <level>INFO</level>
  <class>org.ggp.base.player.gamer.statemachine.PlatypusPlayer.PlatypusPlayer</class>
  <method>stateMachineSelectMove</method>
  <thread>11</thread>
  <message>Sure move is ( reduce b 2 )</message>
</record>
<record>
  <date>2013-05-08T00:06:55</date>
  <millis>1367996815521</millis>
  <sequence>11</sequence>
  <logger>game1367996777358</logger>
  <level>INFO</level>
  <class>org.ggp.base.player.gamer.statemachine.PlatypusPlayer.PlatypusPlayer</class>
  <method>stateMachineSelectMove</method>
  <thread>11</thread>
  <message>with the sure score of 0.0</message>
</record>
<record>
  <date>2013-05-08T00:06:55</date>
  <millis>1367996815522</millis>
  <sequence>12</sequence>
  <logger>game1367996777358</logger>
  <level>INFO</level>
  <class>org.ggp.base.player.gamer.statemachine.PlatypusPlayer.PlatypusPlayer</class>
  <method>stateMachineSelectMove</method>
  <thread>11</thread>
  <message>Starting Monte Carlo</message>
</record>
<record>
  <date>2013-05-08T00:06:55</date>
  <millis>1367996815522</millis>
  <sequence>13</sequence>
  <logger>game1367996777358</logger>
  <level>INFO</level>
  <class>org.ggp.base.player.gamer.statemachine.PlatypusPlayer.PlatypusPlayer</class>
  <method>stateMachineSelectMove</method>
  <thread>11</thread>
  <message>PAUSING PLATYPUS FOR 12382</message>
</record>
</log>
