<?xml version="1.0" encoding="UTF-8" standalone="no"?>
<!DOCTYPE log SYSTEM "logger.dtd">
<log>
<record>
  <date>2013-05-05T16:13:51</date>
  <millis>1367795631481</millis>
  <sequence>0</sequence>
  <logger>game1367795631478</logger>
  <level>INFO</level>
  <class>platypus.logging.PlatypusLogger</class>
  <method>getLogger</method>
  <thread>10</thread>
  <message>Added FileHandler to Logger</message>
</record>
<record>
  <date>2013-05-05T16:14:15</date>
  <millis>1367795655723</millis>
  <sequence>1</sequence>
  <logger>game1367795631478</logger>
  <level>INFO</level>
  <class>org.ggp.base.player.gamer.statemachine.PlatypusPlayer.PlatypusPlayer</class>
  <method>stateMachineSelectMove</method>
  <thread>11</thread>
  <message>--------Best Move after Minimiax--------</message>
</record>
<record>
  <date>2013-05-05T16:14:15</date>
  <millis>1367795655723</millis>
  <sequence>2</sequence>
  <logger>game1367795631478</logger>
  <level>INFO</level>
  <class>org.ggp.base.player.gamer.statemachine.PlatypusPlayer.PlatypusPlayer</class>
  <method>stateMachineSelectMove</method>
  <thread>11</thread>
  <message>Sure move is ( drop 7 )</message>
</record>
<record>
  <date>2013-05-05T16:14:15</date>
  <millis>1367795655723</millis>
  <sequence>3</sequence>
  <logger>game1367795631478</logger>
  <level>INFO</level>
  <class>org.ggp.base.player.gamer.statemachine.PlatypusPlayer.PlatypusPlayer</class>
  <method>stateMachineSelectMove</method>
  <thread>11</thread>
  <message>with the sure score of 0.0</message>
</record>
<record>
  <date>2013-05-05T16:14:15</date>
  <millis>1367795655723</millis>
  <sequence>4</sequence>
  <logger>game1367795631478</logger>
  <level>INFO</level>
  <class>org.ggp.base.player.gamer.statemachine.PlatypusPlayer.PlatypusPlayer</class>
  <method>stateMachineSelectMove</method>
  <thread>11</thread>
  <message>Starting Monte Carlo</message>
</record>
<record>
  <date>2013-05-05T16:14:15</date>
  <millis>1367795655724</millis>
  <sequence>5</sequence>
  <logger>game1367795631478</logger>
  <level>INFO</level>
  <class>org.ggp.base.player.gamer.statemachine.PlatypusPlayer.PlatypusPlayer</class>
  <method>stateMachineSelectMove</method>
  <thread>11</thread>
  <message>PAUSING PLATYPUS FOR 12400</message>
</record>
<record>
  <date>2013-05-05T16:14:28</date>
  <millis>1367795668125</millis>
  <sequence>6</sequence>
  <logger>game1367795631478</logger>
  <level>INFO</level>
  <class>players.BryceMonteCarloTreeSearch</class>
  <method>run</method>
  <thread>12</thread>
  <message>move: ( drop 7 ) value: 30.0 visited: 30</message>
</record>
<record>
  <date>2013-05-05T16:14:28</date>
  <millis>1367795668126</millis>
  <sequence>7</sequence>
  <logger>game1367795631478</logger>
  <level>INFO</level>
  <class>players.BryceMonteCarloTreeSearch</class>
  <method>run</method>
  <thread>12</thread>
  <message>move: ( drop 1 ) value: 43.0 visited: 43</message>
</record>
<record>
  <date>2013-05-05T16:14:28</date>
  <millis>1367795668126</millis>
  <sequence>8</sequence>
  <logger>game1367795631478</logger>
  <level>INFO</level>
  <class>players.BryceMonteCarloTreeSearch</class>
  <method>run</method>
  <thread>12</thread>
  <message>move: ( drop 8 ) value: 25.0 visited: 25</message>
</record>
<record>
  <date>2013-05-05T16:14:28</date>
  <millis>1367795668126</millis>
  <sequence>9</sequence>
  <logger>game1367795631478</logger>
  <level>INFO</level>
  <class>players.BryceMonteCarloTreeSearch</class>
  <method>run</method>
  <thread>12</thread>
  <message>move: ( drop 4 ) value: 14.0 visited: 14</message>
</record>
<record>
  <date>2013-05-05T16:14:28</date>
  <millis>1367795668127</millis>
  <sequence>10</sequence>
  <logger>game1367795631478</logger>
  <level>INFO</level>
  <class>players.BryceMonteCarloTreeSearch</class>
  <method>run</method>
  <thread>12</thread>
  <message>move: ( drop 3 ) value: 51.0 visited: 51</message>
</record>
<record>
  <date>2013-05-05T16:14:28</date>
  <millis>1367795668127</millis>
  <sequence>11</sequence>
  <logger>game1367795631478</logger>
  <level>INFO</level>
  <class>players.BryceMonteCarloTreeSearch</class>
  <method>run</method>
  <thread>12</thread>
  <message>move: ( drop 5 ) value: 10.0 visited: 10</message>
</record>
<record>
  <date>2013-05-05T16:14:28</date>
  <millis>1367795668127</millis>
  <sequence>12</sequence>
  <logger>game1367795631478</logger>
  <level>INFO</level>
  <class>players.BryceMonteCarloTreeSearch</class>
  <method>run</method>
  <thread>12</thread>
  <message>move: ( drop 6 ) value: 47.0 visited: 47</message>
</record>
<record>
  <date>2013-05-05T16:14:28</date>
  <millis>1367795668128</millis>
  <sequence>13</sequence>
  <logger>game1367795631478</logger>
  <level>INFO</level>
  <class>players.BryceMonteCarloTreeSearch</class>
  <method>run</method>
  <thread>12</thread>
  <message>move: ( drop 2 ) value: 14.0 visited: 14</message>
</record>
<record>
  <date>2013-05-05T16:14:29</date>
  <millis>1367795669124</millis>
  <sequence>14</sequence>
  <logger>game1367795631478</logger>
  <level>INFO</level>
  <class>org.ggp.base.player.gamer.statemachine.PlatypusPlayer.PlatypusPlayer</class>
  <method>stateMachineSelectMove</method>
  <thread>11</thread>
  <message>--------Best Move after Monte Carlo--------</message>
</record>
<record>
  <date>2013-05-05T16:14:29</date>
  <millis>1367795669125</millis>
  <sequence>15</sequence>
  <logger>game1367795631478</logger>
  <level>INFO</level>
  <class>org.ggp.base.player.gamer.statemachine.PlatypusPlayer.PlatypusPlayer</class>
  <method>stateMachineSelectMove</method>
  <thread>11</thread>
  <message>best move: ( drop 3 )</message>
</record>
<record>
  <date>2013-05-05T16:14:31</date>
  <millis>1367795671701</millis>
  <sequence>16</sequence>
  <logger>game1367795631478</logger>
  <level>INFO</level>
  <class>org.ggp.base.player.gamer.statemachine.PlatypusPlayer.PlatypusPlayer</class>
  <method>stateMachineSelectMove</method>
  <thread>11</thread>
  <message>--------Best Move after Minimiax--------</message>
</record>
<record>
  <date>2013-05-05T16:14:31</date>
  <millis>1367795671702</millis>
  <sequence>17</sequence>
  <logger>game1367795631478</logger>
  <level>INFO</level>
  <class>org.ggp.base.player.gamer.statemachine.PlatypusPlayer.PlatypusPlayer</class>
  <method>stateMachineSelectMove</method>
  <thread>11</thread>
  <message>Sure move is ( drop 7 )</message>
</record>
<record>
  <date>2013-05-05T16:14:31</date>
  <millis>1367795671702</millis>
  <sequence>18</sequence>
  <logger>game1367795631478</logger>
  <level>INFO</level>
  <class>org.ggp.base.player.gamer.statemachine.PlatypusPlayer.PlatypusPlayer</class>
  <method>stateMachineSelectMove</method>
  <thread>11</thread>
  <message>with the sure score of 0.0</message>
</record>
<record>
  <date>2013-05-05T16:14:31</date>
  <millis>1367795671702</millis>
  <sequence>19</sequence>
  <logger>game1367795631478</logger>
  <level>INFO</level>
  <class>org.ggp.base.player.gamer.statemachine.PlatypusPlayer.PlatypusPlayer</class>
  <method>stateMachineSelectMove</method>
  <thread>11</thread>
  <message>Starting Monte Carlo</message>
</record>
<record>
  <date>2013-05-05T16:14:31</date>
  <millis>1367795671702</millis>
  <sequence>20</sequence>
  <logger>game1367795631478</logger>
  <level>INFO</level>
  <class>org.ggp.base.player.gamer.statemachine.PlatypusPlayer.PlatypusPlayer</class>
  <method>stateMachineSelectMove</method>
  <thread>11</thread>
  <message>PAUSING PLATYPUS FOR 12400</message>
</record>
<record>
  <date>2013-05-05T16:14:44</date>
  <millis>1367795684126</millis>
  <sequence>21</sequence>
  <logger>game1367795631478</logger>
  <level>INFO</level>
  <class>players.BryceMonteCarloTreeSearch</class>
  <method>run</method>
  <thread>13</thread>
  <message>move: ( drop 7 ) value: 68.0 visited: 68</message>
</record>
<record>
  <date>2013-05-05T16:14:44</date>
  <millis>1367795684127</millis>
  <sequence>22</sequence>
  <logger>game1367795631478</logger>
  <level>INFO</level>
  <class>players.BryceMonteCarloTreeSearch</class>
  <method>run</method>
  <thread>13</thread>
  <message>move: ( drop 1 ) value: 14.0 visited: 14</message>
</record>
<record>
  <date>2013-05-05T16:14:44</date>
  <millis>1367795684127</millis>
  <sequence>23</sequence>
  <logger>game1367795631478</logger>
  <level>INFO</level>
  <class>players.BryceMonteCarloTreeSearch</class>
  <method>run</method>
  <thread>13</thread>
  <message>move: ( drop 8 ) value: 23.0 visited: 23</message>
</record>
<record>
  <date>2013-05-05T16:14:44</date>
  <millis>1367795684127</millis>
  <sequence>24</sequence>
  <logger>game1367795631478</logger>
  <level>INFO</level>
  <class>players.BryceMonteCarloTreeSearch</class>
  <method>run</method>
  <thread>13</thread>
  <message>move: ( drop 4 ) value: 37.0 visited: 37</message>
</record>
<record>
  <date>2013-05-05T16:14:44</date>
  <millis>1367795684128</millis>
  <sequence>25</sequence>
  <logger>game1367795631478</logger>
  <level>INFO</level>
  <class>players.BryceMonteCarloTreeSearch</class>
  <method>run</method>
  <thread>13</thread>
  <message>move: ( drop 3 ) value: 24.0 visited: 24</message>
</record>
<record>
  <date>2013-05-05T16:14:44</date>
  <millis>1367795684128</millis>
  <sequence>26</sequence>
  <logger>game1367795631478</logger>
  <level>INFO</level>
  <class>players.BryceMonteCarloTreeSearch</class>
  <method>run</method>
  <thread>13</thread>
  <message>move: ( drop 5 ) value: 20.0 visited: 20</message>
</record>
<record>
  <date>2013-05-05T16:14:44</date>
  <millis>1367795684128</millis>
  <sequence>27</sequence>
  <logger>game1367795631478</logger>
  <level>INFO</level>
  <class>players.BryceMonteCarloTreeSearch</class>
  <method>run</method>
  <thread>13</thread>
  <message>move: ( drop 6 ) value: 20.0 visited: 20</message>
</record>
<record>
  <date>2013-05-05T16:14:44</date>
  <millis>1367795684129</millis>
  <sequence>28</sequence>
  <logger>game1367795631478</logger>
  <level>INFO</level>
  <class>players.BryceMonteCarloTreeSearch</class>
  <method>run</method>
  <thread>13</thread>
  <message>move: ( drop 2 ) value: 14.0 visited: 14</message>
</record>
<record>
  <date>2013-05-05T16:14:45</date>
  <millis>1367795685102</millis>
  <sequence>29</sequence>
  <logger>game1367795631478</logger>
  <level>INFO</level>
  <class>org.ggp.base.player.gamer.statemachine.PlatypusPlayer.PlatypusPlayer</class>
  <method>stateMachineSelectMove</method>
  <thread>11</thread>
  <message>--------Best Move after Monte Carlo--------</message>
</record>
<record>
  <date>2013-05-05T16:14:45</date>
  <millis>1367795685103</millis>
  <sequence>30</sequence>
  <logger>game1367795631478</logger>
  <level>INFO</level>
  <class>org.ggp.base.player.gamer.statemachine.PlatypusPlayer.PlatypusPlayer</class>
  <method>stateMachineSelectMove</method>
  <thread>11</thread>
  <message>best move: ( drop 7 )</message>
</record>
<record>
  <date>2013-05-05T16:14:47</date>
  <millis>1367795687684</millis>
  <sequence>31</sequence>
  <logger>game1367795631478</logger>
  <level>INFO</level>
  <class>org.ggp.base.player.gamer.statemachine.PlatypusPlayer.PlatypusPlayer</class>
  <method>stateMachineSelectMove</method>
  <thread>11</thread>
  <message>--------Best Move after Minimiax--------</message>
</record>
<record>
  <date>2013-05-05T16:14:47</date>
  <millis>1367795687684</millis>
  <sequence>32</sequence>
  <logger>game1367795631478</logger>
  <level>INFO</level>
  <class>org.ggp.base.player.gamer.statemachine.PlatypusPlayer.PlatypusPlayer</class>
  <method>stateMachineSelectMove</method>
  <thread>11</thread>
  <message>Sure move is ( drop 7 )</message>
</record>
<record>
  <date>2013-05-05T16:14:47</date>
  <millis>1367795687684</millis>
  <sequence>33</sequence>
  <logger>game1367795631478</logger>
  <level>INFO</level>
  <class>org.ggp.base.player.gamer.statemachine.PlatypusPlayer.PlatypusPlayer</class>
  <method>stateMachineSelectMove</method>
  <thread>11</thread>
  <message>with the sure score of 0.0</message>
</record>
<record>
  <date>2013-05-05T16:14:47</date>
  <millis>1367795687684</millis>
  <sequence>34</sequence>
  <logger>game1367795631478</logger>
  <level>INFO</level>
  <class>org.ggp.base.player.gamer.statemachine.PlatypusPlayer.PlatypusPlayer</class>
  <method>stateMachineSelectMove</method>
  <thread>11</thread>
  <message>Starting Monte Carlo</message>
</record>
<record>
  <date>2013-05-05T16:14:47</date>
  <millis>1367795687685</millis>
  <sequence>35</sequence>
  <logger>game1367795631478</logger>
  <level>INFO</level>
  <class>org.ggp.base.player.gamer.statemachine.PlatypusPlayer.PlatypusPlayer</class>
  <method>stateMachineSelectMove</method>
  <thread>11</thread>
  <message>PAUSING PLATYPUS FOR 12400</message>
</record>
<record>
  <date>2013-05-05T16:15:00</date>
  <millis>1367795700098</millis>
  <sequence>36</sequence>
  <logger>game1367795631478</logger>
  <level>INFO</level>
  <class>players.BryceMonteCarloTreeSearch</class>
  <method>run</method>
  <thread>14</thread>
  <message>move: ( drop 7 ) value: 71.0 visited: 71</message>
</record>
<record>
  <date>2013-05-05T16:15:00</date>
  <millis>1367795700098</millis>
  <sequence>37</sequence>
  <logger>game1367795631478</logger>
  <level>INFO</level>
  <class>players.BryceMonteCarloTreeSearch</class>
  <method>run</method>
  <thread>14</thread>
  <message>move: ( drop 1 ) value: 28.0 visited: 28</message>
</record>
<record>
  <date>2013-05-05T16:15:00</date>
  <millis>1367795700099</millis>
  <sequence>38</sequence>
  <logger>game1367795631478</logger>
  <level>INFO</level>
  <class>players.BryceMonteCarloTreeSearch</class>
  <method>run</method>
  <thread>14</thread>
  <message>move: ( drop 8 ) value: 28.0 visited: 28</message>
</record>
<record>
  <date>2013-05-05T16:15:00</date>
  <millis>1367795700099</millis>
  <sequence>39</sequence>
  <logger>game1367795631478</logger>
  <level>INFO</level>
  <class>players.BryceMonteCarloTreeSearch</class>
  <method>run</method>
  <thread>14</thread>
  <message>move: ( drop 4 ) value: 23.0 visited: 23</message>
</record>
<record>
  <date>2013-05-05T16:15:00</date>
  <millis>1367795700099</millis>
  <sequence>40</sequence>
  <logger>game1367795631478</logger>
  <level>INFO</level>
  <class>players.BryceMonteCarloTreeSearch</class>
  <method>run</method>
  <thread>14</thread>
  <message>move: ( drop 3 ) value: 31.0 visited: 31</message>
</record>
<record>
  <date>2013-05-05T16:15:00</date>
  <millis>1367795700100</millis>
  <sequence>41</sequence>
  <logger>game1367795631478</logger>
  <level>INFO</level>
  <class>players.BryceMonteCarloTreeSearch</class>
  <method>run</method>
  <thread>14</thread>
  <message>move: ( drop 5 ) value: 29.0 visited: 29</message>
</record>
<record>
  <date>2013-05-05T16:15:00</date>
  <millis>1367795700100</millis>
  <sequence>42</sequence>
  <logger>game1367795631478</logger>
  <level>INFO</level>
  <class>players.BryceMonteCarloTreeSearch</class>
  <method>run</method>
  <thread>14</thread>
  <message>move: ( drop 6 ) value: 20.0 visited: 20</message>
</record>
<record>
  <date>2013-05-05T16:15:00</date>
  <millis>1367795700101</millis>
  <sequence>43</sequence>
  <logger>game1367795631478</logger>
  <level>INFO</level>
  <class>players.BryceMonteCarloTreeSearch</class>
  <method>run</method>
  <thread>14</thread>
  <message>move: ( drop 2 ) value: 8.0 visited: 8</message>
</record>
<record>
  <date>2013-05-05T16:15:01</date>
  <millis>1367795701085</millis>
  <sequence>44</sequence>
  <logger>game1367795631478</logger>
  <level>INFO</level>
  <class>org.ggp.base.player.gamer.statemachine.PlatypusPlayer.PlatypusPlayer</class>
  <method>stateMachineSelectMove</method>
  <thread>11</thread>
  <message>--------Best Move after Monte Carlo--------</message>
</record>
<record>
  <date>2013-05-05T16:15:01</date>
  <millis>1367795701086</millis>
  <sequence>45</sequence>
  <logger>game1367795631478</logger>
  <level>INFO</level>
  <class>org.ggp.base.player.gamer.statemachine.PlatypusPlayer.PlatypusPlayer</class>
  <method>stateMachineSelectMove</method>
  <thread>11</thread>
  <message>best move: ( drop 7 )</message>
</record>
<record>
  <date>2013-05-05T16:15:03</date>
  <millis>1367795703686</millis>
  <sequence>46</sequence>
  <logger>game1367795631478</logger>
  <level>INFO</level>
  <class>org.ggp.base.player.gamer.statemachine.PlatypusPlayer.PlatypusPlayer</class>
  <method>stateMachineSelectMove</method>
  <thread>11</thread>
  <message>--------Best Move after Minimiax--------</message>
</record>
<record>
  <date>2013-05-05T16:15:03</date>
  <millis>1367795703687</millis>
  <sequence>47</sequence>
  <logger>game1367795631478</logger>
  <level>INFO</level>
  <class>org.ggp.base.player.gamer.statemachine.PlatypusPlayer.PlatypusPlayer</class>
  <method>stateMachineSelectMove</method>
  <thread>11</thread>
  <message>Sure move is ( drop 7 )</message>
</record>
<record>
  <date>2013-05-05T16:15:03</date>
  <millis>1367795703687</millis>
  <sequence>48</sequence>
  <logger>game1367795631478</logger>
  <level>INFO</level>
  <class>org.ggp.base.player.gamer.statemachine.PlatypusPlayer.PlatypusPlayer</class>
  <method>stateMachineSelectMove</method>
  <thread>11</thread>
  <message>with the sure score of 0.0</message>
</record>
<record>
  <date>2013-05-05T16:15:03</date>
  <millis>1367795703687</millis>
  <sequence>49</sequence>
  <logger>game1367795631478</logger>
  <level>INFO</level>
  <class>org.ggp.base.player.gamer.statemachine.PlatypusPlayer.PlatypusPlayer</class>
  <method>stateMachineSelectMove</method>
  <thread>11</thread>
  <message>Starting Monte Carlo</message>
</record>
<record>
  <date>2013-05-05T16:15:03</date>
  <millis>1367795703687</millis>
  <sequence>50</sequence>
  <logger>game1367795631478</logger>
  <level>INFO</level>
  <class>org.ggp.base.player.gamer.statemachine.PlatypusPlayer.PlatypusPlayer</class>
  <method>stateMachineSelectMove</method>
  <thread>11</thread>
  <message>PAUSING PLATYPUS FOR 12400</message>
</record>
<record>
  <date>2013-05-05T16:15:16</date>
  <millis>1367795716116</millis>
  <sequence>51</sequence>
  <logger>game1367795631478</logger>
  <level>INFO</level>
  <class>players.BryceMonteCarloTreeSearch</class>
  <method>run</method>
  <thread>15</thread>
  <message>move: ( drop 7 ) value: 88.0 visited: 88</message>
</record>
<record>
  <date>2013-05-05T16:15:16</date>
  <millis>1367795716116</millis>
  <sequence>52</sequence>
  <logger>game1367795631478</logger>
  <level>INFO</level>
  <class>players.BryceMonteCarloTreeSearch</class>
  <method>run</method>
  <thread>15</thread>
  <message>move: ( drop 1 ) value: 21.0 visited: 21</message>
</record>
<record>
  <date>2013-05-05T16:15:16</date>
  <millis>1367795716117</millis>
  <sequence>53</sequence>
  <logger>game1367795631478</logger>
  <level>INFO</level>
  <class>players.BryceMonteCarloTreeSearch</class>
  <method>run</method>
  <thread>15</thread>
  <message>move: ( drop 8 ) value: 12.0 visited: 12</message>
</record>
<record>
  <date>2013-05-05T16:15:16</date>
  <millis>1367795716117</millis>
  <sequence>54</sequence>
  <logger>game1367795631478</logger>
  <level>INFO</level>
  <class>players.BryceMonteCarloTreeSearch</class>
  <method>run</method>
  <thread>15</thread>
  <message>move: ( drop 4 ) value: 37.0 visited: 37</message>
</record>
<record>
  <date>2013-05-05T16:15:16</date>
  <millis>1367795716117</millis>
  <sequence>55</sequence>
  <logger>game1367795631478</logger>
  <level>INFO</level>
  <class>players.BryceMonteCarloTreeSearch</class>
  <method>run</method>
  <thread>15</thread>
  <message>move: ( drop 3 ) value: 26.0 visited: 26</message>
</record>
<record>
  <date>2013-05-05T16:15:16</date>
  <millis>1367795716118</millis>
  <sequence>56</sequence>
  <logger>game1367795631478</logger>
  <level>INFO</level>
  <class>players.BryceMonteCarloTreeSearch</class>
  <method>run</method>
  <thread>15</thread>
  <message>move: ( drop 5 ) value: 17.0 visited: 17</message>
</record>
<record>
  <date>2013-05-05T16:15:16</date>
  <millis>1367795716118</millis>
  <sequence>57</sequence>
  <logger>game1367795631478</logger>
  <level>INFO</level>
  <class>players.BryceMonteCarloTreeSearch</class>
  <method>run</method>
  <thread>15</thread>
  <message>move: ( drop 6 ) value: 70.0 visited: 70</message>
</record>
<record>
  <date>2013-05-05T16:15:16</date>
  <millis>1367795716118</millis>
  <sequence>58</sequence>
  <logger>game1367795631478</logger>
  <level>INFO</level>
  <class>players.BryceMonteCarloTreeSearch</class>
  <method>run</method>
  <thread>15</thread>
  <message>move: ( drop 2 ) value: 10.0 visited: 10</message>
</record>
<record>
  <date>2013-05-05T16:15:17</date>
  <millis>1367795717088</millis>
  <sequence>59</sequence>
  <logger>game1367795631478</logger>
  <level>INFO</level>
  <class>org.ggp.base.player.gamer.statemachine.PlatypusPlayer.PlatypusPlayer</class>
  <method>stateMachineSelectMove</method>
  <thread>11</thread>
  <message>--------Best Move after Monte Carlo--------</message>
</record>
<record>
  <date>2013-05-05T16:15:17</date>
  <millis>1367795717089</millis>
  <sequence>60</sequence>
  <logger>game1367795631478</logger>
  <level>INFO</level>
  <class>org.ggp.base.player.gamer.statemachine.PlatypusPlayer.PlatypusPlayer</class>
  <method>stateMachineSelectMove</method>
  <thread>11</thread>
  <message>best move: ( drop 7 )</message>
</record>
<record>
  <date>2013-05-05T16:15:19</date>
  <millis>1367795719646</millis>
  <sequence>61</sequence>
  <logger>game1367795631478</logger>
  <level>INFO</level>
  <class>org.ggp.base.player.gamer.statemachine.PlatypusPlayer.PlatypusPlayer</class>
  <method>stateMachineSelectMove</method>
  <thread>11</thread>
  <message>--------Best Move after Minimiax--------</message>
</record>
<record>
  <date>2013-05-05T16:15:19</date>
  <millis>1367795719646</millis>
  <sequence>62</sequence>
  <logger>game1367795631478</logger>
  <level>INFO</level>
  <class>org.ggp.base.player.gamer.statemachine.PlatypusPlayer.PlatypusPlayer</class>
  <method>stateMachineSelectMove</method>
  <thread>11</thread>
  <message>Sure move is ( drop 7 )</message>
</record>
<record>
  <date>2013-05-05T16:15:19</date>
  <millis>1367795719646</millis>
  <sequence>63</sequence>
  <logger>game1367795631478</logger>
  <level>INFO</level>
  <class>org.ggp.base.player.gamer.statemachine.PlatypusPlayer.PlatypusPlayer</class>
  <method>stateMachineSelectMove</method>
  <thread>11</thread>
  <message>with the sure score of 0.0</message>
</record>
<record>
  <date>2013-05-05T16:15:19</date>
  <millis>1367795719646</millis>
  <sequence>64</sequence>
  <logger>game1367795631478</logger>
  <level>INFO</level>
  <class>org.ggp.base.player.gamer.statemachine.PlatypusPlayer.PlatypusPlayer</class>
  <method>stateMachineSelectMove</method>
  <thread>11</thread>
  <message>Starting Monte Carlo</message>
</record>
<record>
  <date>2013-05-05T16:15:19</date>
  <millis>1367795719646</millis>
  <sequence>65</sequence>
  <logger>game1367795631478</logger>
  <level>INFO</level>
  <class>org.ggp.base.player.gamer.statemachine.PlatypusPlayer.PlatypusPlayer</class>
  <method>stateMachineSelectMove</method>
  <thread>11</thread>
  <message>PAUSING PLATYPUS FOR 12399</message>
</record>
<record>
  <date>2013-05-05T16:15:32</date>
  <millis>1367795732072</millis>
  <sequence>66</sequence>
  <logger>game1367795631478</logger>
  <level>INFO</level>
  <class>players.BryceMonteCarloTreeSearch</class>
  <method>run</method>
  <thread>16</thread>
  <message>move: ( drop 7 ) value: 6.0 visited: 6</message>
</record>
<record>
  <date>2013-05-05T16:15:32</date>
  <millis>1367795732072</millis>
  <sequence>67</sequence>
  <logger>game1367795631478</logger>
  <level>INFO</level>
  <class>players.BryceMonteCarloTreeSearch</class>
  <method>run</method>
  <thread>16</thread>
  <message>move: ( drop 1 ) value: 8.0 visited: 8</message>
</record>
<record>
  <date>2013-05-05T16:15:32</date>
  <millis>1367795732073</millis>
  <sequence>68</sequence>
  <logger>game1367795631478</logger>
  <level>INFO</level>
  <class>players.BryceMonteCarloTreeSearch</class>
  <method>run</method>
  <thread>16</thread>
  <message>move: ( drop 8 ) value: 26.0 visited: 26</message>
</record>
<record>
  <date>2013-05-05T16:15:32</date>
  <millis>1367795732073</millis>
  <sequence>69</sequence>
  <logger>game1367795631478</logger>
  <level>INFO</level>
  <class>players.BryceMonteCarloTreeSearch</class>
  <method>run</method>
  <thread>16</thread>
  <message>move: ( drop 4 ) value: 122.0 visited: 122</message>
</record>
<record>
  <date>2013-05-05T16:15:32</date>
  <millis>1367795732073</millis>
  <sequence>70</sequence>
  <logger>game1367795631478</logger>
  <level>INFO</level>
  <class>players.BryceMonteCarloTreeSearch</class>
  <method>run</method>
  <thread>16</thread>
  <message>move: ( drop 3 ) value: 18.0 visited: 18</message>
</record>
<record>
  <date>2013-05-05T16:15:32</date>
  <millis>1367795732074</millis>
  <sequence>71</sequence>
  <logger>game1367795631478</logger>
  <level>INFO</level>
  <class>players.BryceMonteCarloTreeSearch</class>
  <method>run</method>
  <thread>16</thread>
  <message>move: ( drop 5 ) value: 26.0 visited: 26</message>
</record>
<record>
  <date>2013-05-05T16:15:32</date>
  <millis>1367795732074</millis>
  <sequence>72</sequence>
  <logger>game1367795631478</logger>
  <level>INFO</level>
  <class>players.BryceMonteCarloTreeSearch</class>
  <method>run</method>
  <thread>16</thread>
  <message>move: ( drop 6 ) value: 6.0 visited: 6</message>
</record>
<record>
  <date>2013-05-05T16:15:32</date>
  <millis>1367795732074</millis>
  <sequence>73</sequence>
  <logger>game1367795631478</logger>
  <level>INFO</level>
  <class>players.BryceMonteCarloTreeSearch</class>
  <method>run</method>
  <thread>16</thread>
  <message>move: ( drop 2 ) value: 18.0 visited: 18</message>
</record>
<record>
  <date>2013-05-05T16:15:33</date>
  <millis>1367795733046</millis>
  <sequence>74</sequence>
  <logger>game1367795631478</logger>
  <level>INFO</level>
  <class>org.ggp.base.player.gamer.statemachine.PlatypusPlayer.PlatypusPlayer</class>
  <method>stateMachineSelectMove</method>
  <thread>11</thread>
  <message>--------Best Move after Monte Carlo--------</message>
</record>
<record>
  <date>2013-05-05T16:15:33</date>
  <millis>1367795733046</millis>
  <sequence>75</sequence>
  <logger>game1367795631478</logger>
  <level>INFO</level>
  <class>org.ggp.base.player.gamer.statemachine.PlatypusPlayer.PlatypusPlayer</class>
  <method>stateMachineSelectMove</method>
  <thread>11</thread>
  <message>best move: ( drop 4 )</message>
</record>
<record>
  <date>2013-05-05T16:15:35</date>
  <millis>1367795735645</millis>
  <sequence>76</sequence>
  <logger>game1367795631478</logger>
  <level>INFO</level>
  <class>org.ggp.base.player.gamer.statemachine.PlatypusPlayer.PlatypusPlayer</class>
  <method>stateMachineSelectMove</method>
  <thread>11</thread>
  <message>--------Best Move after Minimiax--------</message>
</record>
<record>
  <date>2013-05-05T16:15:35</date>
  <millis>1367795735646</millis>
  <sequence>77</sequence>
  <logger>game1367795631478</logger>
  <level>INFO</level>
  <class>org.ggp.base.player.gamer.statemachine.PlatypusPlayer.PlatypusPlayer</class>
  <method>stateMachineSelectMove</method>
  <thread>11</thread>
  <message>Sure move is ( drop 7 )</message>
</record>
<record>
  <date>2013-05-05T16:15:35</date>
  <millis>1367795735646</millis>
  <sequence>78</sequence>
  <logger>game1367795631478</logger>
  <level>INFO</level>
  <class>org.ggp.base.player.gamer.statemachine.PlatypusPlayer.PlatypusPlayer</class>
  <method>stateMachineSelectMove</method>
  <thread>11</thread>
  <message>with the sure score of 0.0</message>
</record>
<record>
  <date>2013-05-05T16:15:35</date>
  <millis>1367795735646</millis>
  <sequence>79</sequence>
  <logger>game1367795631478</logger>
  <level>INFO</level>
  <class>org.ggp.base.player.gamer.statemachine.PlatypusPlayer.PlatypusPlayer</class>
  <method>stateMachineSelectMove</method>
  <thread>11</thread>
  <message>Starting Monte Carlo</message>
</record>
<record>
  <date>2013-05-05T16:15:35</date>
  <millis>1367795735646</millis>
  <sequence>80</sequence>
  <logger>game1367795631478</logger>
  <level>INFO</level>
  <class>org.ggp.base.player.gamer.statemachine.PlatypusPlayer.PlatypusPlayer</class>
  <method>stateMachineSelectMove</method>
  <thread>11</thread>
  <message>PAUSING PLATYPUS FOR 12400</message>
</record>
<record>
  <date>2013-05-05T16:15:48</date>
  <millis>1367795748058</millis>
  <sequence>81</sequence>
  <logger>game1367795631478</logger>
  <level>INFO</level>
  <class>players.BryceMonteCarloTreeSearch</class>
  <method>run</method>
  <thread>17</thread>
  <message>move: ( drop 7 ) value: 29.0 visited: 29</message>
</record>
<record>
  <date>2013-05-05T16:15:48</date>
  <millis>1367795748058</millis>
  <sequence>82</sequence>
  <logger>game1367795631478</logger>
  <level>INFO</level>
  <class>players.BryceMonteCarloTreeSearch</class>
  <method>run</method>
  <thread>17</thread>
  <message>move: ( drop 1 ) value: 49.0 visited: 49</message>
</record>
<record>
  <date>2013-05-05T16:15:48</date>
  <millis>1367795748058</millis>
  <sequence>83</sequence>
  <logger>game1367795631478</logger>
  <level>INFO</level>
  <class>players.BryceMonteCarloTreeSearch</class>
  <method>run</method>
  <thread>17</thread>
  <message>move: ( drop 8 ) value: 26.0 visited: 26</message>
</record>
<record>
  <date>2013-05-05T16:15:48</date>
  <millis>1367795748059</millis>
  <sequence>84</sequence>
  <logger>game1367795631478</logger>
  <level>INFO</level>
  <class>players.BryceMonteCarloTreeSearch</class>
  <method>run</method>
  <thread>17</thread>
  <message>move: ( drop 4 ) value: 20.0 visited: 20</message>
</record>
<record>
  <date>2013-05-05T16:15:48</date>
  <millis>1367795748060</millis>
  <sequence>85</sequence>
  <logger>game1367795631478</logger>
  <level>INFO</level>
  <class>players.BryceMonteCarloTreeSearch</class>
  <method>run</method>
  <thread>17</thread>
  <message>move: ( drop 3 ) value: 38.0 visited: 38</message>
</record>
<record>
  <date>2013-05-05T16:15:48</date>
  <millis>1367795748060</millis>
  <sequence>86</sequence>
  <logger>game1367795631478</logger>
  <level>INFO</level>
  <class>players.BryceMonteCarloTreeSearch</class>
  <method>run</method>
  <thread>17</thread>
  <message>move: ( drop 5 ) value: 22.0 visited: 22</message>
</record>
<record>
  <date>2013-05-05T16:15:48</date>
  <millis>1367795748061</millis>
  <sequence>87</sequence>
  <logger>game1367795631478</logger>
  <level>INFO</level>
  <class>players.BryceMonteCarloTreeSearch</class>
  <method>run</method>
  <thread>17</thread>
  <message>move: ( drop 6 ) value: 11.0 visited: 11</message>
</record>
<record>
  <date>2013-05-05T16:15:48</date>
  <millis>1367795748062</millis>
  <sequence>88</sequence>
  <logger>game1367795631478</logger>
  <level>INFO</level>
  <class>players.BryceMonteCarloTreeSearch</class>
  <method>run</method>
  <thread>17</thread>
  <message>move: ( drop 2 ) value: 36.0 visited: 36</message>
</record>
<record>
  <date>2013-05-05T16:15:49</date>
  <millis>1367795749046</millis>
  <sequence>89</sequence>
  <logger>game1367795631478</logger>
  <level>INFO</level>
  <class>org.ggp.base.player.gamer.statemachine.PlatypusPlayer.PlatypusPlayer</class>
  <method>stateMachineSelectMove</method>
  <thread>11</thread>
  <message>--------Best Move after Monte Carlo--------</message>
</record>
<record>
  <date>2013-05-05T16:15:49</date>
  <millis>1367795749047</millis>
  <sequence>90</sequence>
  <logger>game1367795631478</logger>
  <level>INFO</level>
  <class>org.ggp.base.player.gamer.statemachine.PlatypusPlayer.PlatypusPlayer</class>
  <method>stateMachineSelectMove</method>
  <thread>11</thread>
  <message>best move: ( drop 1 )</message>
</record>
<record>
  <date>2013-05-05T16:15:51</date>
  <millis>1367795751660</millis>
  <sequence>91</sequence>
  <logger>game1367795631478</logger>
  <level>INFO</level>
  <class>org.ggp.base.player.gamer.statemachine.PlatypusPlayer.PlatypusPlayer</class>
  <method>stateMachineSelectMove</method>
  <thread>11</thread>
  <message>--------Best Move after Minimiax--------</message>
</record>
<record>
  <date>2013-05-05T16:15:51</date>
  <millis>1367795751660</millis>
  <sequence>92</sequence>
  <logger>game1367795631478</logger>
  <level>INFO</level>
  <class>org.ggp.base.player.gamer.statemachine.PlatypusPlayer.PlatypusPlayer</class>
  <method>stateMachineSelectMove</method>
  <thread>11</thread>
  <message>Sure move is ( drop 1 )</message>
</record>
<record>
  <date>2013-05-05T16:15:51</date>
  <millis>1367795751660</millis>
  <sequence>93</sequence>
  <logger>game1367795631478</logger>
  <level>INFO</level>
  <class>org.ggp.base.player.gamer.statemachine.PlatypusPlayer.PlatypusPlayer</class>
  <method>stateMachineSelectMove</method>
  <thread>11</thread>
  <message>with the sure score of 0.0</message>
</record>
<record>
  <date>2013-05-05T16:15:51</date>
  <millis>1367795751660</millis>
  <sequence>94</sequence>
  <logger>game1367795631478</logger>
  <level>INFO</level>
  <class>org.ggp.base.player.gamer.statemachine.PlatypusPlayer.PlatypusPlayer</class>
  <method>stateMachineSelectMove</method>
  <thread>11</thread>
  <message>Starting Monte Carlo</message>
</record>
<record>
  <date>2013-05-05T16:15:51</date>
  <millis>1367795751660</millis>
  <sequence>95</sequence>
  <logger>game1367795631478</logger>
  <level>INFO</level>
  <class>org.ggp.base.player.gamer.statemachine.PlatypusPlayer.PlatypusPlayer</class>
  <method>stateMachineSelectMove</method>
  <thread>11</thread>
  <message>PAUSING PLATYPUS FOR 12399</message>
</record>
<record>
  <date>2013-05-05T16:16:04</date>
  <millis>1367795764069</millis>
  <sequence>96</sequence>
  <logger>game1367795631478</logger>
  <level>INFO</level>
  <class>players.BryceMonteCarloTreeSearch</class>
  <method>run</method>
  <thread>18</thread>
  <message>move: ( drop 1 ) value: 56.0 visited: 56</message>
</record>
<record>
  <date>2013-05-05T16:16:04</date>
  <millis>1367795764070</millis>
  <sequence>97</sequence>
  <logger>game1367795631478</logger>
  <level>INFO</level>
  <class>players.BryceMonteCarloTreeSearch</class>
  <method>run</method>
  <thread>18</thread>
  <message>move: ( drop 8 ) value: 19.0 visited: 19</message>
</record>
<record>
  <date>2013-05-05T16:16:04</date>
  <millis>1367795764070</millis>
  <sequence>98</sequence>
  <logger>game1367795631478</logger>
  <level>INFO</level>
  <class>players.BryceMonteCarloTreeSearch</class>
  <method>run</method>
  <thread>18</thread>
  <message>move: ( drop 4 ) value: 48.0 visited: 48</message>
</record>
<record>
  <date>2013-05-05T16:16:04</date>
  <millis>1367795764071</millis>
  <sequence>99</sequence>
  <logger>game1367795631478</logger>
  <level>INFO</level>
  <class>players.BryceMonteCarloTreeSearch</class>
  <method>run</method>
  <thread>18</thread>
  <message>move: ( drop 3 ) value: 32.0 visited: 32</message>
</record>
<record>
  <date>2013-05-05T16:16:04</date>
  <millis>1367795764071</millis>
  <sequence>100</sequence>
  <logger>game1367795631478</logger>
  <level>INFO</level>
  <class>players.BryceMonteCarloTreeSearch</class>
  <method>run</method>
  <thread>18</thread>
  <message>move: ( drop 5 ) value: 16.0 visited: 16</message>
</record>
<record>
  <date>2013-05-05T16:16:04</date>
  <millis>1367795764071</millis>
  <sequence>101</sequence>
  <logger>game1367795631478</logger>
  <level>INFO</level>
  <class>players.BryceMonteCarloTreeSearch</class>
  <method>run</method>
  <thread>18</thread>
  <message>move: ( drop 6 ) value: 79.0 visited: 79</message>
</record>
<record>
  <date>2013-05-05T16:16:04</date>
  <millis>1367795764072</millis>
  <sequence>102</sequence>
  <logger>game1367795631478</logger>
  <level>INFO</level>
  <class>players.BryceMonteCarloTreeSearch</class>
  <method>run</method>
  <thread>18</thread>
  <message>move: ( drop 2 ) value: 10.0 visited: 10</message>
</record>
<record>
  <date>2013-05-05T16:16:05</date>
  <millis>1367795765060</millis>
  <sequence>103</sequence>
  <logger>game1367795631478</logger>
  <level>INFO</level>
  <class>org.ggp.base.player.gamer.statemachine.PlatypusPlayer.PlatypusPlayer</class>
  <method>stateMachineSelectMove</method>
  <thread>11</thread>
  <message>--------Best Move after Monte Carlo--------</message>
</record>
<record>
  <date>2013-05-05T16:16:05</date>
  <millis>1367795765060</millis>
  <sequence>104</sequence>
  <logger>game1367795631478</logger>
  <level>INFO</level>
  <class>org.ggp.base.player.gamer.statemachine.PlatypusPlayer.PlatypusPlayer</class>
  <method>stateMachineSelectMove</method>
  <thread>11</thread>
  <message>best move: ( drop 6 )</message>
</record>
<record>
  <date>2013-05-05T16:16:07</date>
  <millis>1367795767654</millis>
  <sequence>105</sequence>
  <logger>game1367795631478</logger>
  <level>INFO</level>
  <class>org.ggp.base.player.gamer.statemachine.PlatypusPlayer.PlatypusPlayer</class>
  <method>stateMachineSelectMove</method>
  <thread>11</thread>
  <message>--------Best Move after Minimiax--------</message>
</record>
<record>
  <date>2013-05-05T16:16:07</date>
  <millis>1367795767654</millis>
  <sequence>106</sequence>
  <logger>game1367795631478</logger>
  <level>INFO</level>
  <class>org.ggp.base.player.gamer.statemachine.PlatypusPlayer.PlatypusPlayer</class>
  <method>stateMachineSelectMove</method>
  <thread>11</thread>
  <message>Sure move is ( drop 1 )</message>
</record>
<record>
  <date>2013-05-05T16:16:07</date>
  <millis>1367795767654</millis>
  <sequence>107</sequence>
  <logger>game1367795631478</logger>
  <level>INFO</level>
  <class>org.ggp.base.player.gamer.statemachine.PlatypusPlayer.PlatypusPlayer</class>
  <method>stateMachineSelectMove</method>
  <thread>11</thread>
  <message>with the sure score of 0.0</message>
</record>
<record>
  <date>2013-05-05T16:16:07</date>
  <millis>1367795767654</millis>
  <sequence>108</sequence>
  <logger>game1367795631478</logger>
  <level>INFO</level>
  <class>org.ggp.base.player.gamer.statemachine.PlatypusPlayer.PlatypusPlayer</class>
  <method>stateMachineSelectMove</method>
  <thread>11</thread>
  <message>Starting Monte Carlo</message>
</record>
<record>
  <date>2013-05-05T16:16:07</date>
  <millis>1367795767655</millis>
  <sequence>109</sequence>
  <logger>game1367795631478</logger>
  <level>INFO</level>
  <class>org.ggp.base.player.gamer.statemachine.PlatypusPlayer.PlatypusPlayer</class>
  <method>stateMachineSelectMove</method>
  <thread>11</thread>
  <message>PAUSING PLATYPUS FOR 12400</message>
</record>
<record>
  <date>2013-05-05T16:16:20</date>
  <millis>1367795780093</millis>
  <sequence>110</sequence>
  <logger>game1367795631478</logger>
  <level>INFO</level>
  <class>players.BryceMonteCarloTreeSearch</class>
  <method>run</method>
  <thread>19</thread>
  <message>move: ( drop 1 ) value: 25.0 visited: 25</message>
</record>
<record>
  <date>2013-05-05T16:16:20</date>
  <millis>1367795780094</millis>
  <sequence>111</sequence>
  <logger>game1367795631478</logger>
  <level>INFO</level>
  <class>players.BryceMonteCarloTreeSearch</class>
  <method>run</method>
  <thread>19</thread>
  <message>move: ( drop 8 ) value: 19.0 visited: 19</message>
</record>
<record>
  <date>2013-05-05T16:16:20</date>
  <millis>1367795780094</millis>
  <sequence>112</sequence>
  <logger>game1367795631478</logger>
  <level>INFO</level>
  <class>players.BryceMonteCarloTreeSearch</class>
  <method>run</method>
  <thread>19</thread>
  <message>move: ( drop 4 ) value: 32.0 visited: 32</message>
</record>
<record>
  <date>2013-05-05T16:16:20</date>
  <millis>1367795780095</millis>
  <sequence>113</sequence>
  <logger>game1367795631478</logger>
  <level>INFO</level>
  <class>players.BryceMonteCarloTreeSearch</class>
  <method>run</method>
  <thread>19</thread>
  <message>move: ( drop 3 ) value: 48.0 visited: 48</message>
</record>
<record>
  <date>2013-05-05T16:16:20</date>
  <millis>1367795780095</millis>
  <sequence>114</sequence>
  <logger>game1367795631478</logger>
  <level>INFO</level>
  <class>players.BryceMonteCarloTreeSearch</class>
  <method>run</method>
  <thread>19</thread>
  <message>move: ( drop 5 ) value: 16.0 visited: 16</message>
</record>
<record>
  <date>2013-05-05T16:16:20</date>
  <millis>1367795780096</millis>
  <sequence>115</sequence>
  <logger>game1367795631478</logger>
  <level>INFO</level>
  <class>players.BryceMonteCarloTreeSearch</class>
  <method>run</method>
  <thread>19</thread>
  <message>move: ( drop 6 ) value: 146.0 visited: 146</message>
</record>
<record>
  <date>2013-05-05T16:16:20</date>
  <millis>1367795780096</millis>
  <sequence>116</sequence>
  <logger>game1367795631478</logger>
  <level>INFO</level>
  <class>players.BryceMonteCarloTreeSearch</class>
  <method>run</method>
  <thread>19</thread>
  <message>move: ( drop 2 ) value: 13.0 visited: 13</message>
</record>
<record>
  <date>2013-05-05T16:16:21</date>
  <millis>1367795781055</millis>
  <sequence>117</sequence>
  <logger>game1367795631478</logger>
  <level>INFO</level>
  <class>org.ggp.base.player.gamer.statemachine.PlatypusPlayer.PlatypusPlayer</class>
  <method>stateMachineSelectMove</method>
  <thread>11</thread>
  <message>--------Best Move after Monte Carlo--------</message>
</record>
<record>
  <date>2013-05-05T16:16:21</date>
  <millis>1367795781056</millis>
  <sequence>118</sequence>
  <logger>game1367795631478</logger>
  <level>INFO</level>
  <class>org.ggp.base.player.gamer.statemachine.PlatypusPlayer.PlatypusPlayer</class>
  <method>stateMachineSelectMove</method>
  <thread>11</thread>
  <message>best move: ( drop 6 )</message>
</record>
<record>
  <date>2013-05-05T16:16:23</date>
  <millis>1367795783683</millis>
  <sequence>119</sequence>
  <logger>game1367795631478</logger>
  <level>INFO</level>
  <class>org.ggp.base.player.gamer.statemachine.PlatypusPlayer.PlatypusPlayer</class>
  <method>stateMachineSelectMove</method>
  <thread>11</thread>
  <message>--------Best Move after Minimiax--------</message>
</record>
<record>
  <date>2013-05-05T16:16:23</date>
  <millis>1367795783683</millis>
  <sequence>120</sequence>
  <logger>game1367795631478</logger>
  <level>INFO</level>
  <class>org.ggp.base.player.gamer.statemachine.PlatypusPlayer.PlatypusPlayer</class>
  <method>stateMachineSelectMove</method>
  <thread>11</thread>
  <message>Sure move is ( drop 1 )</message>
</record>
<record>
  <date>2013-05-05T16:16:23</date>
  <millis>1367795783683</millis>
  <sequence>121</sequence>
  <logger>game1367795631478</logger>
  <level>INFO</level>
  <class>org.ggp.base.player.gamer.statemachine.PlatypusPlayer.PlatypusPlayer</class>
  <method>stateMachineSelectMove</method>
  <thread>11</thread>
  <message>with the sure score of 0.0</message>
</record>
<record>
  <date>2013-05-05T16:16:23</date>
  <millis>1367795783683</millis>
  <sequence>122</sequence>
  <logger>game1367795631478</logger>
  <level>INFO</level>
  <class>org.ggp.base.player.gamer.statemachine.PlatypusPlayer.PlatypusPlayer</class>
  <method>stateMachineSelectMove</method>
  <thread>11</thread>
  <message>Starting Monte Carlo</message>
</record>
<record>
  <date>2013-05-05T16:16:23</date>
  <millis>1367795783683</millis>
  <sequence>123</sequence>
  <logger>game1367795631478</logger>
  <level>INFO</level>
  <class>org.ggp.base.player.gamer.statemachine.PlatypusPlayer.PlatypusPlayer</class>
  <method>stateMachineSelectMove</method>
  <thread>11</thread>
  <message>PAUSING PLATYPUS FOR 12400</message>
</record>
<record>
  <date>2013-05-05T16:16:36</date>
  <millis>1367795796099</millis>
  <sequence>124</sequence>
  <logger>game1367795631478</logger>
  <level>INFO</level>
  <class>players.BryceMonteCarloTreeSearch</class>
  <method>run</method>
  <thread>20</thread>
  <message>move: ( drop 1 ) value: 43.0 visited: 43</message>
</record>
<record>
  <date>2013-05-05T16:16:36</date>
  <millis>1367795796099</millis>
  <sequence>125</sequence>
  <logger>game1367795631478</logger>
  <level>INFO</level>
  <class>players.BryceMonteCarloTreeSearch</class>
  <method>run</method>
  <thread>20</thread>
  <message>move: ( drop 8 ) value: 32.0 visited: 32</message>
</record>
<record>
  <date>2013-05-05T16:16:36</date>
  <millis>1367795796100</millis>
  <sequence>126</sequence>
  <logger>game1367795631478</logger>
  <level>INFO</level>
  <class>players.BryceMonteCarloTreeSearch</class>
  <method>run</method>
  <thread>20</thread>
  <message>move: ( drop 4 ) value: 39.0 visited: 39</message>
</record>
<record>
  <date>2013-05-05T16:16:36</date>
  <millis>1367795796100</millis>
  <sequence>127</sequence>
  <logger>game1367795631478</logger>
  <level>INFO</level>
  <class>players.BryceMonteCarloTreeSearch</class>
  <method>run</method>
  <thread>20</thread>
  <message>move: ( drop 3 ) value: 27.0 visited: 27</message>
</record>
<record>
  <date>2013-05-05T16:16:36</date>
  <millis>1367795796101</millis>
  <sequence>128</sequence>
  <logger>game1367795631478</logger>
  <level>INFO</level>
  <class>players.BryceMonteCarloTreeSearch</class>
  <method>run</method>
  <thread>20</thread>
  <message>move: ( drop 5 ) value: 59.0 visited: 59</message>
</record>
<record>
  <date>2013-05-05T16:16:36</date>
  <millis>1367795796101</millis>
  <sequence>129</sequence>
  <logger>game1367795631478</logger>
  <level>INFO</level>
  <class>players.BryceMonteCarloTreeSearch</class>
  <method>run</method>
  <thread>20</thread>
  <message>move: ( drop 6 ) value: 51.0 visited: 51</message>
</record>
<record>
  <date>2013-05-05T16:16:36</date>
  <millis>1367795796101</millis>
  <sequence>130</sequence>
  <logger>game1367795631478</logger>
  <level>INFO</level>
  <class>players.BryceMonteCarloTreeSearch</class>
  <method>run</method>
  <thread>20</thread>
  <message>move: ( drop 2 ) value: 26.0 visited: 26</message>
</record>
<record>
  <date>2013-05-05T16:16:37</date>
  <millis>1367795797084</millis>
  <sequence>131</sequence>
  <logger>game1367795631478</logger>
  <level>INFO</level>
  <class>org.ggp.base.player.gamer.statemachine.PlatypusPlayer.PlatypusPlayer</class>
  <method>stateMachineSelectMove</method>
  <thread>11</thread>
  <message>--------Best Move after Monte Carlo--------</message>
</record>
<record>
  <date>2013-05-05T16:16:37</date>
  <millis>1367795797084</millis>
  <sequence>132</sequence>
  <logger>game1367795631478</logger>
  <level>INFO</level>
  <class>org.ggp.base.player.gamer.statemachine.PlatypusPlayer.PlatypusPlayer</class>
  <method>stateMachineSelectMove</method>
  <thread>11</thread>
  <message>best move: ( drop 5 )</message>
</record>
<record>
  <date>2013-05-05T16:16:39</date>
  <millis>1367795799684</millis>
  <sequence>133</sequence>
  <logger>game1367795631478</logger>
  <level>INFO</level>
  <class>org.ggp.base.player.gamer.statemachine.PlatypusPlayer.PlatypusPlayer</class>
  <method>stateMachineSelectMove</method>
  <thread>11</thread>
  <message>--------Best Move after Minimiax--------</message>
</record>
<record>
  <date>2013-05-05T16:16:39</date>
  <millis>1367795799684</millis>
  <sequence>134</sequence>
  <logger>game1367795631478</logger>
  <level>INFO</level>
  <class>org.ggp.base.player.gamer.statemachine.PlatypusPlayer.PlatypusPlayer</class>
  <method>stateMachineSelectMove</method>
  <thread>11</thread>
  <message>Sure move is ( drop 5 )</message>
</record>
<record>
  <date>2013-05-05T16:16:39</date>
  <millis>1367795799684</millis>
  <sequence>135</sequence>
  <logger>game1367795631478</logger>
  <level>INFO</level>
  <class>org.ggp.base.player.gamer.statemachine.PlatypusPlayer.PlatypusPlayer</class>
  <method>stateMachineSelectMove</method>
  <thread>11</thread>
  <message>with the sure score of 0.0</message>
</record>
<record>
  <date>2013-05-05T16:16:39</date>
  <millis>1367795799684</millis>
  <sequence>136</sequence>
  <logger>game1367795631478</logger>
  <level>INFO</level>
  <class>org.ggp.base.player.gamer.statemachine.PlatypusPlayer.PlatypusPlayer</class>
  <method>stateMachineSelectMove</method>
  <thread>11</thread>
  <message>Starting Monte Carlo</message>
</record>
<record>
  <date>2013-05-05T16:16:39</date>
  <millis>1367795799685</millis>
  <sequence>137</sequence>
  <logger>game1367795631478</logger>
  <level>INFO</level>
  <class>org.ggp.base.player.gamer.statemachine.PlatypusPlayer.PlatypusPlayer</class>
  <method>stateMachineSelectMove</method>
  <thread>11</thread>
  <message>PAUSING PLATYPUS FOR 12400</message>
</record>
<record>
  <date>2013-05-05T16:16:52</date>
  <millis>1367795812115</millis>
  <sequence>138</sequence>
  <logger>game1367795631478</logger>
  <level>INFO</level>
  <class>players.BryceMonteCarloTreeSearch</class>
  <method>run</method>
  <thread>21</thread>
  <message>move: ( drop 1 ) value: 40.0 visited: 40</message>
</record>
<record>
  <date>2013-05-05T16:16:52</date>
  <millis>1367795812116</millis>
  <sequence>139</sequence>
  <logger>game1367795631478</logger>
  <level>INFO</level>
  <class>players.BryceMonteCarloTreeSearch</class>
  <method>run</method>
  <thread>21</thread>
  <message>move: ( drop 8 ) value: 42.0 visited: 42</message>
</record>
<record>
  <date>2013-05-05T16:16:52</date>
  <millis>1367795812116</millis>
  <sequence>140</sequence>
  <logger>game1367795631478</logger>
  <level>INFO</level>
  <class>players.BryceMonteCarloTreeSearch</class>
  <method>run</method>
  <thread>21</thread>
  <message>move: ( drop 4 ) value: 28.0 visited: 28</message>
</record>
<record>
  <date>2013-05-05T16:16:52</date>
  <millis>1367795812117</millis>
  <sequence>141</sequence>
  <logger>game1367795631478</logger>
  <level>INFO</level>
  <class>players.BryceMonteCarloTreeSearch</class>
  <method>run</method>
  <thread>21</thread>
  <message>move: ( drop 3 ) value: 19.0 visited: 19</message>
</record>
<record>
  <date>2013-05-05T16:16:52</date>
  <millis>1367795812117</millis>
  <sequence>142</sequence>
  <logger>game1367795631478</logger>
  <level>INFO</level>
  <class>players.BryceMonteCarloTreeSearch</class>
  <method>run</method>
  <thread>21</thread>
  <message>move: ( drop 5 ) value: 150.0 visited: 150</message>
</record>
<record>
  <date>2013-05-05T16:16:52</date>
  <millis>1367795812117</millis>
  <sequence>143</sequence>
  <logger>game1367795631478</logger>
  <level>INFO</level>
  <class>players.BryceMonteCarloTreeSearch</class>
  <method>run</method>
  <thread>21</thread>
  <message>move: ( drop 6 ) value: 46.0 visited: 46</message>
</record>
<record>
  <date>2013-05-05T16:16:52</date>
  <millis>1367795812118</millis>
  <sequence>144</sequence>
  <logger>game1367795631478</logger>
  <level>INFO</level>
  <class>players.BryceMonteCarloTreeSearch</class>
  <method>run</method>
  <thread>21</thread>
  <message>move: ( drop 2 ) value: 20.0 visited: 20</message>
</record>
<record>
  <date>2013-05-05T16:16:53</date>
  <millis>1367795813085</millis>
  <sequence>145</sequence>
  <logger>game1367795631478</logger>
  <level>INFO</level>
  <class>org.ggp.base.player.gamer.statemachine.PlatypusPlayer.PlatypusPlayer</class>
  <method>stateMachineSelectMove</method>
  <thread>11</thread>
  <message>--------Best Move after Monte Carlo--------</message>
</record>
<record>
  <date>2013-05-05T16:16:53</date>
  <millis>1367795813086</millis>
  <sequence>146</sequence>
  <logger>game1367795631478</logger>
  <level>INFO</level>
  <class>org.ggp.base.player.gamer.statemachine.PlatypusPlayer.PlatypusPlayer</class>
  <method>stateMachineSelectMove</method>
  <thread>11</thread>
  <message>best move: ( drop 5 )</message>
</record>
<record>
  <date>2013-05-05T16:16:55</date>
  <millis>1367795815661</millis>
  <sequence>147</sequence>
  <logger>game1367795631478</logger>
  <level>INFO</level>
  <class>org.ggp.base.player.gamer.statemachine.PlatypusPlayer.PlatypusPlayer</class>
  <method>stateMachineSelectMove</method>
  <thread>11</thread>
  <message>--------Best Move after Minimiax--------</message>
</record>
<record>
  <date>2013-05-05T16:16:55</date>
  <millis>1367795815661</millis>
  <sequence>148</sequence>
  <logger>game1367795631478</logger>
  <level>INFO</level>
  <class>org.ggp.base.player.gamer.statemachine.PlatypusPlayer.PlatypusPlayer</class>
  <method>stateMachineSelectMove</method>
  <thread>11</thread>
  <message>Sure move is ( drop 4 )</message>
</record>
<record>
  <date>2013-05-05T16:16:55</date>
  <millis>1367795815661</millis>
  <sequence>149</sequence>
  <logger>game1367795631478</logger>
  <level>INFO</level>
  <class>org.ggp.base.player.gamer.statemachine.PlatypusPlayer.PlatypusPlayer</class>
  <method>stateMachineSelectMove</method>
  <thread>11</thread>
  <message>with the sure score of 0.0</message>
</record>
<record>
  <date>2013-05-05T16:16:55</date>
  <millis>1367795815661</millis>
  <sequence>150</sequence>
  <logger>game1367795631478</logger>
  <level>INFO</level>
  <class>org.ggp.base.player.gamer.statemachine.PlatypusPlayer.PlatypusPlayer</class>
  <method>stateMachineSelectMove</method>
  <thread>11</thread>
  <message>Starting Monte Carlo</message>
</record>
<record>
  <date>2013-05-05T16:16:55</date>
  <millis>1367795815661</millis>
  <sequence>151</sequence>
  <logger>game1367795631478</logger>
  <level>INFO</level>
  <class>org.ggp.base.player.gamer.statemachine.PlatypusPlayer.PlatypusPlayer</class>
  <method>stateMachineSelectMove</method>
  <thread>11</thread>
  <message>PAUSING PLATYPUS FOR 12399</message>
</record>
<record>
  <date>2013-05-05T16:17:08</date>
  <millis>1367795828077</millis>
  <sequence>152</sequence>
  <logger>game1367795631478</logger>
  <level>INFO</level>
  <class>players.BryceMonteCarloTreeSearch</class>
  <method>run</method>
  <thread>22</thread>
  <message>move: ( drop 1 ) value: 69.0 visited: 69</message>
</record>
<record>
  <date>2013-05-05T16:17:08</date>
  <millis>1367795828078</millis>
  <sequence>153</sequence>
  <logger>game1367795631478</logger>
  <level>INFO</level>
  <class>players.BryceMonteCarloTreeSearch</class>
  <method>run</method>
  <thread>22</thread>
  <message>move: ( drop 8 ) value: 104.0 visited: 104</message>
</record>
<record>
  <date>2013-05-05T16:17:08</date>
  <millis>1367795828078</millis>
  <sequence>154</sequence>
  <logger>game1367795631478</logger>
  <level>INFO</level>
  <class>players.BryceMonteCarloTreeSearch</class>
  <method>run</method>
  <thread>22</thread>
  <message>move: ( drop 4 ) value: 204.0 visited: 204</message>
</record>
<record>
  <date>2013-05-05T16:17:08</date>
  <millis>1367795828078</millis>
  <sequence>155</sequence>
  <logger>game1367795631478</logger>
  <level>INFO</level>
  <class>players.BryceMonteCarloTreeSearch</class>
  <method>run</method>
  <thread>22</thread>
  <message>move: ( drop 3 ) value: 68.0 visited: 68</message>
</record>
<record>
  <date>2013-05-05T16:17:08</date>
  <millis>1367795828079</millis>
  <sequence>156</sequence>
  <logger>game1367795631478</logger>
  <level>INFO</level>
  <class>players.BryceMonteCarloTreeSearch</class>
  <method>run</method>
  <thread>22</thread>
  <message>move: ( drop 5 ) value: 70.0 visited: 70</message>
</record>
<record>
  <date>2013-05-05T16:17:08</date>
  <millis>1367795828079</millis>
  <sequence>157</sequence>
  <logger>game1367795631478</logger>
  <level>INFO</level>
  <class>players.BryceMonteCarloTreeSearch</class>
  <method>run</method>
  <thread>22</thread>
  <message>move: ( drop 6 ) value: 204.0 visited: 204</message>
</record>
<record>
  <date>2013-05-05T16:17:08</date>
  <millis>1367795828080</millis>
  <sequence>158</sequence>
  <logger>game1367795631478</logger>
  <level>INFO</level>
  <class>players.BryceMonteCarloTreeSearch</class>
  <method>run</method>
  <thread>22</thread>
  <message>move: ( drop 2 ) value: 101.0 visited: 101</message>
</record>
<record>
  <date>2013-05-05T16:17:09</date>
  <millis>1367795829061</millis>
  <sequence>159</sequence>
  <logger>game1367795631478</logger>
  <level>INFO</level>
  <class>org.ggp.base.player.gamer.statemachine.PlatypusPlayer.PlatypusPlayer</class>
  <method>stateMachineSelectMove</method>
  <thread>11</thread>
  <message>--------Best Move after Monte Carlo--------</message>
</record>
<record>
  <date>2013-05-05T16:17:09</date>
  <millis>1367795829061</millis>
  <sequence>160</sequence>
  <logger>game1367795631478</logger>
  <level>INFO</level>
  <class>org.ggp.base.player.gamer.statemachine.PlatypusPlayer.PlatypusPlayer</class>
  <method>stateMachineSelectMove</method>
  <thread>11</thread>
  <message>best move: ( drop 4 )</message>
</record>
</log>
