<?xml version="1.0" encoding="UTF-8" standalone="no"?>
<!DOCTYPE log SYSTEM "logger.dtd">
<log>
<record>
  <date>2013-05-07T23:54:05</date>
  <millis>1367996045842</millis>
  <sequence>0</sequence>
  <logger>game1367996045838</logger>
  <level>INFO</level>
  <class>platypus.logging.PlatypusLogger</class>
  <method>getLogger</method>
  <thread>10</thread>
  <message>Added FileHandler to Logger</message>
</record>
<record>
  <date>2013-05-07T23:54:29</date>
  <millis>1367996069325</millis>
  <sequence>1</sequence>
  <logger>game1367996045838</logger>
  <level>INFO</level>
  <class>org.ggp.base.player.gamer.statemachine.PlatypusPlayer.PlatypusPlayer</class>
  <method>stateMachineSelectMove</method>
  <thread>11</thread>
  <message>--------Best Move after Minimiax--------</message>
</record>
<record>
  <date>2013-05-07T23:54:29</date>
  <millis>1367996069325</millis>
  <sequence>2</sequence>
  <logger>game1367996045838</logger>
  <level>INFO</level>
  <class>org.ggp.base.player.gamer.statemachine.PlatypusPlayer.PlatypusPlayer</class>
  <method>stateMachineSelectMove</method>
  <thread>11</thread>
  <message>Sure move is ( mark 2 1 )</message>
</record>
<record>
  <date>2013-05-07T23:54:29</date>
  <millis>1367996069326</millis>
  <sequence>3</sequence>
  <logger>game1367996045838</logger>
  <level>INFO</level>
  <class>org.ggp.base.player.gamer.statemachine.PlatypusPlayer.PlatypusPlayer</class>
  <method>stateMachineSelectMove</method>
  <thread>11</thread>
  <message>with the sure score of 0.0</message>
</record>
<record>
  <date>2013-05-07T23:54:29</date>
  <millis>1367996069326</millis>
  <sequence>4</sequence>
  <logger>game1367996045838</logger>
  <level>INFO</level>
  <class>org.ggp.base.player.gamer.statemachine.PlatypusPlayer.PlatypusPlayer</class>
  <method>stateMachineSelectMove</method>
  <thread>11</thread>
  <message>Starting Monte Carlo</message>
</record>
<record>
  <date>2013-05-07T23:54:29</date>
  <millis>1367996069326</millis>
  <sequence>5</sequence>
  <logger>game1367996045838</logger>
  <level>INFO</level>
  <class>org.ggp.base.player.gamer.statemachine.PlatypusPlayer.PlatypusPlayer</class>
  <method>stateMachineSelectMove</method>
  <thread>11</thread>
  <message>PAUSING PLATYPUS FOR 12399</message>
</record>
</log>
